SF:/workspaces/pep10term/dependencies/pepcore/src/libisa/asmb/pep10/create_driver.cpp
FN:8,_ZN4asmb5pep106driver11make_driverEv
FN:105,_ZN4asmb5pep106driver8assembleENSt7__cxx1112basic_stringIcSt11char_traitsIcESaIcEEES7_
FN:13,create_driver.cpp:_ZZN4asmb5pep106driver11make_driverEvENK3$_0clERSt10shared_ptrIN4masm7project7projectItEEERNSt7__cxx114listISt7variantIJS3_INS5_11source_fileEES3_INS4_3elf12code_sectionItEEES3_INSF_5imageItEEEEESaISM_EEE
FN:16,create_driver.cpp:_ZZZN4asmb5pep106driver11make_driverEvENK3$_0clERSt10shared_ptrIN4masm7project7projectItEEERNSt7__cxx114listISt7variantIJS3_INS5_11source_fileEES3_INS4_3elf12code_sectionItEEES3_INSF_5imageItEEEEESaISM_EEEENKUlRT_E_clISM_EEDaSR_
FN:25,create_driver.cpp:_ZZN4asmb5pep106driver11make_driverEvENK3$_5clERSt10shared_ptrIN4masm7project7projectItEEERNSt7__cxx114listISt7variantIJS3_INS5_11source_fileEES3_INS4_3elf12code_sectionItEEES3_INSF_5imageItEEEEESaISM_EEE
FN:42,create_driver.cpp:_ZZN4asmb5pep106driver11make_driverEvENK3$_1clERSt10shared_ptrIN4masm7project7projectItEEERNSt7__cxx114listISt7variantIJS3_INS5_11source_fileEES3_INS4_3elf12code_sectionItEEES3_INSF_5imageItEEEEESaISM_EEE
FN:45,create_driver.cpp:_ZZZN4asmb5pep106driver11make_driverEvENK3$_1clERSt10shared_ptrIN4masm7project7projectItEEERNSt7__cxx114listISt7variantIJS3_INS5_11source_fileEES3_INS4_3elf12code_sectionItEEES3_INSF_5imageItEEEEESaISM_EEEENKUlRT_E_clISM_EEDaSR_
FN:53,create_driver.cpp:_ZZN4asmb5pep106driver11make_driverEvENK3$_2clERSt10shared_ptrIN4masm7project7projectItEEERNSt7__cxx114listISt7variantIJS3_INS5_11source_fileEES3_INS4_3elf12code_sectionItEEES3_INSF_5imageItEEEEESaISM_EEE
FN:58,create_driver.cpp:_ZZZN4asmb5pep106driver11make_driverEvENK3$_2clERSt10shared_ptrIN4masm7project7projectItEEERNSt7__cxx114listISt7variantIJS3_INS5_11source_fileEES3_INS4_3elf12code_sectionItEEES3_INSF_5imageItEEEEESaISM_EEEENKUlRT_E_clISM_EEDaSR_
FN:72,create_driver.cpp:_ZZN4asmb5pep106driver11make_driverEvENK3$_3clERSt10shared_ptrIN4masm7project7projectItEEERNSt7__cxx114listISt7variantIJS3_INS5_11source_fileEES3_INS4_3elf12code_sectionItEEES3_INSF_5imageItEEEEESaISM_EEE
FN:80,create_driver.cpp:_ZZZN4asmb5pep106driver11make_driverEvENK3$_3clERSt10shared_ptrIN4masm7project7projectItEEERNSt7__cxx114listISt7variantIJS3_INS5_11source_fileEES3_INS4_3elf12code_sectionItEEES3_INSF_5imageItEEEEESaISM_EEEENKUlT_E_clISL_EEDaSQ_
FN:90,create_driver.cpp:_ZZN4asmb5pep106driver11make_driverEvENK3$_4clERSt10shared_ptrIN4masm7project7projectItEEERNSt7__cxx114listISt7variantIJS3_INS5_11source_fileEES3_INS4_3elf12code_sectionItEEES3_INSF_5imageItEEEEESaISM_EEE
FN:93,create_driver.cpp:_ZZZN4asmb5pep106driver11make_driverEvENK3$_4clERSt10shared_ptrIN4masm7project7projectItEEERNSt7__cxx114listISt7variantIJS3_INS5_11source_fileEES3_INS4_3elf12code_sectionItEEES3_INSF_5imageItEEEEESaISM_EEEENKUlT_E_clISM_EEDaSQ_
FNDA:141,_ZN4asmb5pep106driver11make_driverEv
FNDA:0,_ZN4asmb5pep106driver8assembleENSt7__cxx1112basic_stringIcSt11char_traitsIcESaIcEEES7_
FNDA:251,create_driver.cpp:_ZZN4asmb5pep106driver11make_driverEvENK3$_0clERSt10shared_ptrIN4masm7project7projectItEEERNSt7__cxx114listISt7variantIJS3_INS5_11source_fileEES3_INS4_3elf12code_sectionItEEES3_INSF_5imageItEEEEESaISM_EEE
FNDA:411,create_driver.cpp:_ZZZN4asmb5pep106driver11make_driverEvENK3$_0clERSt10shared_ptrIN4masm7project7projectItEEERNSt7__cxx114listISt7variantIJS3_INS5_11source_fileEES3_INS4_3elf12code_sectionItEEES3_INSF_5imageItEEEEESaISM_EEEENKUlRT_E_clISM_EEDaSR_
FNDA:249,create_driver.cpp:_ZZN4asmb5pep106driver11make_driverEvENK3$_5clERSt10shared_ptrIN4masm7project7projectItEEERNSt7__cxx114listISt7variantIJS3_INS5_11source_fileEES3_INS4_3elf12code_sectionItEEES3_INSF_5imageItEEEEESaISM_EEE
FNDA:177,create_driver.cpp:_ZZN4asmb5pep106driver11make_driverEvENK3$_1clERSt10shared_ptrIN4masm7project7projectItEEERNSt7__cxx114listISt7variantIJS3_INS5_11source_fileEES3_INS4_3elf12code_sectionItEEES3_INSF_5imageItEEEEESaISM_EEE
FNDA:409,create_driver.cpp:_ZZZN4asmb5pep106driver11make_driverEvENK3$_1clERSt10shared_ptrIN4masm7project7projectItEEERNSt7__cxx114listISt7variantIJS3_INS5_11source_fileEES3_INS4_3elf12code_sectionItEEES3_INSF_5imageItEEEEESaISM_EEEENKUlRT_E_clISM_EEDaSR_
FNDA:56,create_driver.cpp:_ZZN4asmb5pep106driver11make_driverEvENK3$_2clERSt10shared_ptrIN4masm7project7projectItEEERNSt7__cxx114listISt7variantIJS3_INS5_11source_fileEES3_INS4_3elf12code_sectionItEEES3_INSF_5imageItEEEEESaISM_EEE
FNDA:203,create_driver.cpp:_ZZZN4asmb5pep106driver11make_driverEvENK3$_2clERSt10shared_ptrIN4masm7project7projectItEEERNSt7__cxx114listISt7variantIJS3_INS5_11source_fileEES3_INS4_3elf12code_sectionItEEES3_INSF_5imageItEEEEESaISM_EEEENKUlRT_E_clISM_EEDaSR_
FNDA:51,create_driver.cpp:_ZZN4asmb5pep106driver11make_driverEvENK3$_3clERSt10shared_ptrIN4masm7project7projectItEEERNSt7__cxx114listISt7variantIJS3_INS5_11source_fileEES3_INS4_3elf12code_sectionItEEES3_INSF_5imageItEEEEESaISM_EEE
FNDA:51,create_driver.cpp:_ZZZN4asmb5pep106driver11make_driverEvENK3$_3clERSt10shared_ptrIN4masm7project7projectItEEERNSt7__cxx114listISt7variantIJS3_INS5_11source_fileEES3_INS4_3elf12code_sectionItEEES3_INSF_5imageItEEEEESaISM_EEEENKUlT_E_clISL_EEDaSQ_
FNDA:44,create_driver.cpp:_ZZN4asmb5pep106driver11make_driverEvENK3$_4clERSt10shared_ptrIN4masm7project7projectItEEERNSt7__cxx114listISt7variantIJS3_INS5_11source_fileEES3_INS4_3elf12code_sectionItEEES3_INSF_5imageItEEEEESaISM_EEE
FNDA:44,create_driver.cpp:_ZZZN4asmb5pep106driver11make_driverEvENK3$_4clERSt10shared_ptrIN4masm7project7projectItEEERNSt7__cxx114listISt7variantIJS3_INS5_11source_fileEES3_INS4_3elf12code_sectionItEEES3_INSF_5imageItEEEEESaISM_EEEENKUlT_E_clISM_EEDaSQ_
FNF:13
FNH:12
DA:8,141
DA:9,141
DA:10,141
DA:12,141
DA:13,251
DA:14,251
DA:15,251
DA:16,411
DA:17,411
DA:18,411
DA:19,411
DA:20,251
DA:21,251
DA:22,141
DA:24,141
DA:25,249
DA:26,249
DA:27,249
DA:28,409
DA:29,409
DA:30,409
DA:31,232
DA:32,232
DA:33,232
DA:34,409
DA:35,409
DA:36,409
DA:37,249
DA:38,249
DA:39,141
DA:41,141
DA:42,177
DA:43,177
DA:44,177
DA:45,409
DA:46,409
DA:47,409
DA:48,409
DA:49,177
DA:50,177
DA:51,141
DA:53,141
DA:54,56
DA:55,56
DA:56,56
DA:57,56
DA:58,203
DA:59,203
DA:60,203
DA:61,203
DA:62,56
DA:63,56
DA:64,56
DA:65,56
DA:66,203
DA:67,203
DA:68,56
DA:69,56
DA:70,141
DA:72,141
DA:73,51
DA:74,51
DA:75,198
DA:76,198
DA:77,198
DA:79,51
DA:80,51
DA:82,51
DA:83,51
DA:84,51
DA:85,51
DA:86,51
DA:87,51
DA:88,141
DA:90,141
DA:91,44
DA:92,44
DA:93,44
DA:94,44
DA:95,44
DA:96,44
DA:97,44
DA:98,44
DA:99,44
DA:100,141
DA:101,141
DA:102,141
DA:105,0
DA:106,0
DA:107,0
DA:108,0
DA:109,0
DA:110,0
DA:111,0
DA:112,0
DA:113,0
DA:114,0
DA:115,0
DA:116,0
DA:117,0
DA:118,0
DA:119,0
BRDA:28,0,0,409
BRDA:28,0,1,249
BRDA:30,0,0,232
BRDA:30,0,1,409
BRDA:61,0,0,56
BRDA:61,0,1,147
BRDA:63,0,0,38
BRDA:63,0,1,18
BRDA:75,0,0,198
BRDA:75,0,1,51
BRDA:110,0,0,-
BRDA:110,0,1,-
BRF:12
BFH:10
LF:203
LH:188
end_of_record
SF:/workspaces/pep10term/dependencies/pepcore/src/libisa/asmb/pep10/directives.hpp
FN:15,_ZN4asmb5pep1010dot_exportItED2Ev
FN:42,_ZN4asmb5pep109dot_scallItED2Ev
FN:68,_ZN4asmb5pep1010dot_uscallItED2Ev
FNDA:436,_ZN4asmb5pep1010dot_exportItED2Ev
FNDA:202,_ZN4asmb5pep109dot_scallItED2Ev
FNDA:46,_ZN4asmb5pep1010dot_uscallItED2Ev
FNF:3
FNH:3
DA:15,436
DA:42,202
DA:68,46
BRF:0
BFH:0
LF:3
LH:3
end_of_record
SF:/workspaces/pep10term/dependencies/pepcore/src/libisa/asmb/pep10/directives.tpp
FN:6,_ZN4asmb5pep1010dot_exportItEC2Ev
FN:26,_ZNK4asmb5pep1010dot_exportItE5cloneEv
FN:11,_ZN4asmb5pep1010dot_exportItEC2ERKS2_
FN:32,_ZNK4asmb5pep1010dot_exportItE23generate_listing_stringB5cxx11Ev
FN:44,_ZNK4asmb5pep1010dot_exportItE22generate_source_stringB5cxx11Ev
FN:58,_ZNK4asmb5pep1010dot_exportItE18append_object_codeERSt6vectorIhSaIhEE
FN:68,_ZN4asmb5pep109dot_scallItEC2Ev
FN:88,_ZNK4asmb5pep109dot_scallItE5cloneEv
FN:73,_ZN4asmb5pep109dot_scallItEC2ERKS2_
FN:94,_ZNK4asmb5pep109dot_scallItE23generate_listing_stringB5cxx11Ev
FN:106,_ZNK4asmb5pep109dot_scallItE22generate_source_stringB5cxx11Ev
FN:120,_ZNK4asmb5pep109dot_scallItE18append_object_codeERSt6vectorIhSaIhEE
FN:129,_ZN4asmb5pep1010dot_uscallItEC2Ev
FN:149,_ZNK4asmb5pep1010dot_uscallItE5cloneEv
FN:134,_ZN4asmb5pep1010dot_uscallItEC2ERKS2_
FN:155,_ZNK4asmb5pep1010dot_uscallItE23generate_listing_stringB5cxx11Ev
FN:167,_ZNK4asmb5pep1010dot_uscallItE22generate_source_stringB5cxx11Ev
FN:181,_ZNK4asmb5pep1010dot_uscallItE18append_object_codeERSt6vectorIhSaIhEE
FNDA:436,_ZN4asmb5pep1010dot_exportItEC2Ev
FNDA:0,_ZNK4asmb5pep1010dot_exportItE5cloneEv
FNDA:0,_ZN4asmb5pep1010dot_exportItEC2ERKS2_
FNDA:0,_ZNK4asmb5pep1010dot_exportItE23generate_listing_stringB5cxx11Ev
FNDA:0,_ZNK4asmb5pep1010dot_exportItE22generate_source_stringB5cxx11Ev
FNDA:440,_ZNK4asmb5pep1010dot_exportItE18append_object_codeERSt6vectorIhSaIhEE
FNDA:202,_ZN4asmb5pep109dot_scallItEC2Ev
FNDA:0,_ZNK4asmb5pep109dot_scallItE5cloneEv
FNDA:0,_ZN4asmb5pep109dot_scallItEC2ERKS2_
FNDA:0,_ZNK4asmb5pep109dot_scallItE23generate_listing_stringB5cxx11Ev
FNDA:0,_ZNK4asmb5pep109dot_scallItE22generate_source_stringB5cxx11Ev
FNDA:200,_ZNK4asmb5pep109dot_scallItE18append_object_codeERSt6vectorIhSaIhEE
FNDA:46,_ZN4asmb5pep1010dot_uscallItEC2Ev
FNDA:0,_ZNK4asmb5pep1010dot_uscallItE5cloneEv
FNDA:0,_ZN4asmb5pep1010dot_uscallItEC2ERKS2_
FNDA:0,_ZNK4asmb5pep1010dot_uscallItE23generate_listing_stringB5cxx11Ev
FNDA:0,_ZNK4asmb5pep1010dot_uscallItE22generate_source_stringB5cxx11Ev
FNDA:40,_ZNK4asmb5pep1010dot_uscallItE18append_object_codeERSt6vectorIhSaIhEE
FNF:18
FNH:6
DA:6,436
DA:7,436
DA:11,0
DA:13,0
DA:26,0
DA:27,0
DA:28,0
DA:32,0
DA:33,0
DA:34,0
DA:35,0
DA:36,0
DA:37,0
DA:39,0
DA:40,0
DA:44,0
DA:45,0
DA:46,0
DA:47,0
DA:48,0
DA:49,0
DA:50,0
DA:51,0
DA:52,0
DA:54,0
DA:58,440
DA:59,440
DA:60,440
DA:68,202
DA:69,202
DA:73,0
DA:75,0
DA:88,0
DA:89,0
DA:90,0
DA:94,0
DA:95,0
DA:96,0
DA:97,0
DA:98,0
DA:99,0
DA:101,0
DA:102,0
DA:106,0
DA:107,0
DA:108,0
DA:109,0
DA:110,0
DA:111,0
DA:112,0
DA:113,0
DA:114,0
DA:116,0
DA:120,200
DA:121,200
DA:122,200
DA:129,46
DA:130,46
DA:134,0
DA:136,0
DA:149,0
DA:150,0
DA:151,0
DA:155,0
DA:156,0
DA:157,0
DA:158,0
DA:159,0
DA:160,0
DA:162,0
DA:163,0
DA:167,0
DA:168,0
DA:169,0
DA:170,0
DA:171,0
DA:172,0
DA:173,0
DA:174,0
DA:175,0
DA:177,0
DA:181,40
DA:182,40
DA:183,40
BRF:0
BFH:0
LF:84
LH:15
end_of_record
SF:/workspaces/pep10term/dependencies/pepcore/src/libisa/asmb/pep10/ir.cpp
FN:9,_ZN4asmb5pep1017unary_instructionC2Ev
FN:14,_ZN4asmb5pep1017unary_instructionC2ERKS1_
FN:20,_ZN4asmb5pep1017unary_instructionaSES1_
FN:27,_ZNK4asmb5pep1017unary_instruction5cloneEv
FN:32,_ZNK4asmb5pep1017unary_instruction23generate_listing_stringB5cxx11Ev
FN:48,_ZNK4asmb5pep1017unary_instruction22generate_source_stringB5cxx11Ev
FN:66,_ZNK4asmb5pep1017unary_instruction17object_code_bytesEv
FN:71,_ZNK4asmb5pep1017unary_instruction18append_object_codeERSt6vectorIhSaIhEE
FN:81,_ZN4asmb5pep1020nonunary_instructionC2Ev
FN:87,_ZN4asmb5pep1020nonunary_instructionC2ERKS1_
FN:93,_ZN4asmb5pep1020nonunary_instructionaSES1_
FN:100,_ZNK4asmb5pep1020nonunary_instruction5cloneEv
FN:105,_ZNK4asmb5pep1020nonunary_instruction23generate_listing_stringB5cxx11Ev
FN:120,_ZNK4asmb5pep1020nonunary_instruction22generate_source_stringB5cxx11Ev
FN:140,_ZNK4asmb5pep1020nonunary_instruction17object_code_bytesEv
FN:145,_ZNK4asmb5pep1020nonunary_instruction18append_object_codeERSt6vectorIhSaIhEE
FN:156,_ZNK4asmb5pep1020nonunary_instruction16symbolic_operandEv
FNDA:2095,_ZN4asmb5pep1017unary_instructionC2Ev
FNDA:0,_ZN4asmb5pep1017unary_instructionC2ERKS1_
FNDA:0,_ZN4asmb5pep1017unary_instructionaSES1_
FNDA:0,_ZNK4asmb5pep1017unary_instruction5cloneEv
FNDA:0,_ZNK4asmb5pep1017unary_instruction23generate_listing_stringB5cxx11Ev
FNDA:0,_ZNK4asmb5pep1017unary_instruction22generate_source_stringB5cxx11Ev
FNDA:6606,_ZNK4asmb5pep1017unary_instruction17object_code_bytesEv
FNDA:2108,_ZNK4asmb5pep1017unary_instruction18append_object_codeERSt6vectorIhSaIhEE
FNDA:15220,_ZN4asmb5pep1020nonunary_instructionC2Ev
FNDA:0,_ZN4asmb5pep1020nonunary_instructionC2ERKS1_
FNDA:0,_ZN4asmb5pep1020nonunary_instructionaSES1_
FNDA:0,_ZNK4asmb5pep1020nonunary_instruction5cloneEv
FNDA:0,_ZNK4asmb5pep1020nonunary_instruction23generate_listing_stringB5cxx11Ev
FNDA:0,_ZNK4asmb5pep1020nonunary_instruction22generate_source_stringB5cxx11Ev
FNDA:46672,_ZNK4asmb5pep1020nonunary_instruction17object_code_bytesEv
FNDA:15581,_ZNK4asmb5pep1020nonunary_instruction18append_object_codeERSt6vectorIhSaIhEE
FNDA:15215,_ZNK4asmb5pep1020nonunary_instruction16symbolic_operandEv
FNF:17
FNH:7
DA:9,2095
DA:10,2095
DA:11,2095
DA:14,0
DA:16,0
DA:20,0
DA:21,0
DA:22,0
DA:23,0
DA:27,0
DA:28,0
DA:29,0
DA:32,0
DA:34,0
DA:35,0
DA:37,0
DA:38,0
DA:40,0
DA:41,0
DA:42,0
DA:43,0
DA:44,0
DA:45,0
DA:48,0
DA:49,0
DA:50,0
DA:51,0
DA:52,0
DA:54,0
DA:55,0
DA:56,0
DA:57,0
DA:58,0
DA:59,0
DA:60,0
DA:61,0
DA:63,0
DA:66,6606
DA:67,6606
DA:68,6606
DA:71,2108
DA:72,2108
DA:73,2108
DA:74,2108
DA:81,15220
DA:82,15220
DA:83,15220
DA:87,0
DA:89,0
DA:93,0
DA:94,0
DA:95,0
DA:96,0
DA:100,0
DA:101,0
DA:102,0
DA:105,0
DA:107,0
DA:108,0
DA:109,0
DA:110,0
DA:112,0
DA:113,0
DA:114,0
DA:115,0
DA:116,0
DA:117,0
DA:120,0
DA:121,0
DA:122,0
DA:123,0
DA:124,0
DA:126,0
DA:127,0
DA:128,0
DA:130,0
DA:131,0
DA:132,0
DA:133,0
DA:134,0
DA:135,0
DA:137,0
DA:140,46672
DA:141,46672
DA:142,46672
DA:145,15581
DA:146,15581
DA:147,15581
DA:149,15581
DA:150,15581
DA:151,15581
DA:152,15581
DA:153,15581
DA:156,15215
DA:157,15215
DA:158,9919
DA:159,9919
DA:160,5296
DA:161,15215
BRDA:35,0,0,-
BRDA:35,0,1,-
BRDA:50,0,0,-
BRDA:50,0,1,-
BRDA:72,0,0,0
BRDA:72,0,1,2108
BRDA:108,0,0,-
BRDA:108,0,1,-
BRDA:122,0,0,-
BRDA:122,0,1,-
BRDA:146,0,0,0
BRDA:146,0,1,15581
BRDA:157,0,0,9919
BRDA:157,0,1,5296
BRF:14
BFH:4
LF:99
LH:30
end_of_record
SF:/workspaces/pep10term/dependencies/pepcore/src/libisa/asmb/pep10/ir.hpp
FN:26,_ZNK4asmb5pep1017unary_instruction7is_codeEv
FN:29,_ZN4asmb5pep104swapERNS0_17unary_instructionES2_
FN:57,_ZNK4asmb5pep1020nonunary_instruction7is_codeEv
FN:60,_ZN4asmb5pep104swapERNS0_20nonunary_instructionES2_
FN:14,_ZN4asmb5pep1017unary_instructionD2Ev
FN:44,_ZN4asmb5pep1020nonunary_instructionD2Ev
FNDA:0,_ZNK4asmb5pep1017unary_instruction7is_codeEv
FNDA:0,_ZN4asmb5pep104swapERNS0_17unary_instructionES2_
FNDA:0,_ZNK4asmb5pep1020nonunary_instruction7is_codeEv
FNDA:0,_ZN4asmb5pep104swapERNS0_20nonunary_instructionES2_
FNDA:2095,_ZN4asmb5pep1017unary_instructionD2Ev
FNDA:15220,_ZN4asmb5pep1020nonunary_instructionD2Ev
FNF:6
FNH:2
DA:14,2095
DA:26,0
DA:29,0
DA:30,0
DA:31,0
DA:32,0
DA:33,0
DA:34,0
DA:35,0
DA:44,15220
DA:57,0
DA:60,0
DA:61,0
DA:62,0
DA:63,0
DA:64,0
DA:65,0
DA:66,0
DA:67,0
DA:68,0
BRF:0
BFH:0
LF:20
LH:2
end_of_record
SF:/workspaces/pep10term/dependencies/pepcore/src/libisa/asmb/pep10/parser.cpp
FN:22,_ZN4asmb5pep1021requires_byte_operandEN3isa5pep1020instruction_mnemonicE
FN:27,_ZN4asmb5pep1018requires_addr_modeEN3isa5pep1020instruction_mnemonicE
FN:40,_ZN4asmb5pep1015parse_addr_modeENSt7__cxx1112basic_stringIcSt11char_traitsIcESaIcEEE
FN:54,_ZN4asmb5pep1023allowed_addressing_modeEN3isa5pep1020instruction_mnemonicENS2_15addressing_modeE
FN:79,_ZN4asmb5pep1017valid_symbol_nameERKNSt7__cxx1112basic_stringIcSt11char_traitsIcESaIcEEE
FN:88,_ZN4asmb5pep106parser5parseERSt10shared_ptrIN4masm7project7projectItEEERS2_INS3_3elf12code_sectionItEEE
FN:313,_ZN4asmb5pep106parser13parse_operandEN4masm8frontend10token_typeENSt7__cxx1112basic_stringIcSt11char_traitsIcESaIcEEESt10shared_ptrIN6symbol9LeafTableItEEE
FN:358,_ZN4asmb5pep106parser11parse_unaryERN9__gnu_cxx17__normal_iteratorIPSt4pairIN4masm8frontend10token_typeENSt7__cxx1112basic_stringIcSt11char_traitsIcESaIcEEEESt6vectorISE_SaISE_EEEERKSJ_N3isa5pep1020instruction_mnemonicE
FN:367,_ZN4asmb5pep106parser14parse_nonunaryERN9__gnu_cxx17__normal_iteratorIPSt4pairIN4masm8frontend10token_typeENSt7__cxx1112basic_stringIcSt11char_traitsIcESaIcEEEESt6vectorISE_SaISE_EEEERKSJ_St10shared_ptrIN6symbol9LeafTableItEEEN3isa5pep1020instruction_mnemonicE
FN:408,_ZN4asmb5pep106parser22parse_macro_invocationERN9__gnu_cxx17__normal_iteratorIPSt4pairIN4masm8frontend10token_typeENSt7__cxx1112basic_stringIcSt11char_traitsIcESaIcEEEESt6vectorISE_SaISE_EEEERKSJ_
FN:416,_ZN4asmb5pep106parser11parse_ASCIIERN9__gnu_cxx17__normal_iteratorIPSt4pairIN4masm8frontend10token_typeENSt7__cxx1112basic_stringIcSt11char_traitsIcESaIcEEEESt6vectorISE_SaISE_EEEERKSJ_
FN:431,_ZN4asmb5pep106parser11parse_ALIGNERN9__gnu_cxx17__normal_iteratorIPSt4pairIN4masm8frontend10token_typeENSt7__cxx1112basic_stringIcSt11char_traitsIcESaIcEEEESt6vectorISE_SaISE_EEEERKSJ_
FN:455,_ZN4asmb5pep106parser11parse_BLOCKERN9__gnu_cxx17__normal_iteratorIPSt4pairIN4masm8frontend10token_typeENSt7__cxx1112basic_stringIcSt11char_traitsIcESaIcEEEESt6vectorISE_SaISE_EEEERKSJ_
FN:479,_ZN4asmb5pep106parser10parse_BURNERN9__gnu_cxx17__normal_iteratorIPSt4pairIN4masm8frontend10token_typeENSt7__cxx1112basic_stringIcSt11char_traitsIcESaIcEEEESt6vectorISE_SaISE_EEEERKSJ_
FN:502,_ZN4asmb5pep106parser10parse_BYTEERN9__gnu_cxx17__normal_iteratorIPSt4pairIN4masm8frontend10token_typeENSt7__cxx1112basic_stringIcSt11char_traitsIcESaIcEEEESt6vectorISE_SaISE_EEEERKSJ_
FN:528,_ZN4asmb5pep106parser9parse_ENDERN9__gnu_cxx17__normal_iteratorIPSt4pairIN4masm8frontend10token_typeENSt7__cxx1112basic_stringIcSt11char_traitsIcESaIcEEEESt6vectorISE_SaISE_EEEERKSJ_
FN:533,_ZN4asmb5pep106parser12parse_EQUATEERN9__gnu_cxx17__normal_iteratorIPSt4pairIN4masm8frontend10token_typeENSt7__cxx1112basic_stringIcSt11char_traitsIcESaIcEEEESt6vectorISE_SaISE_EEEERKSJ_
FN:561,_ZN4asmb5pep106parser12parse_EXPORTERN9__gnu_cxx17__normal_iteratorIPSt4pairIN4masm8frontend10token_typeENSt7__cxx1112basic_stringIcSt11char_traitsIcESaIcEEEESt6vectorISE_SaISE_EEEERKSJ_St10shared_ptrIN6symbol9LeafTableItEEE
FN:583,_ZN4asmb5pep106parser11parse_SCALLERN9__gnu_cxx17__normal_iteratorIPSt4pairIN4masm8frontend10token_typeENSt7__cxx1112basic_stringIcSt11char_traitsIcESaIcEEEESt6vectorISE_SaISE_EEEERKSJ_St10shared_ptrIN6symbol9LeafTableItEEESN_INS5_14macro_registryEE
FN:606,_ZN4asmb5pep106parser12parse_USCALLERN9__gnu_cxx17__normal_iteratorIPSt4pairIN4masm8frontend10token_typeENSt7__cxx1112basic_stringIcSt11char_traitsIcESaIcEEEESt6vectorISE_SaISE_EEEERKSJ_St10shared_ptrIN6symbol9LeafTableItEEESN_INS5_14macro_registryEE
FN:629,_ZN4asmb5pep106parser10parse_WORDERN9__gnu_cxx17__normal_iteratorIPSt4pairIN4masm8frontend10token_typeENSt7__cxx1112basic_stringIcSt11char_traitsIcESaIcEEEESt6vectorISE_SaISE_EEEERKSJ_St10shared_ptrIN6symbol9LeafTableItEEE
FN:145,parser.cpp:_ZZN4asmb5pep106parser5parseERSt10shared_ptrIN4masm7project7projectItEEERS2_INS3_3elf12code_sectionItEEEENK3$_0clISt4pairIKN3isa5pep1020instruction_mnemonicES2_INSI_22instruction_definitionEEEEEDaT_
FNDA:0,_ZN4asmb5pep1021requires_byte_operandEN3isa5pep1020instruction_mnemonicE
FNDA:45660,_ZN4asmb5pep1018requires_addr_modeEN3isa5pep1020instruction_mnemonicE
FNDA:11250,_ZN4asmb5pep1015parse_addr_modeENSt7__cxx1112basic_stringIcSt11char_traitsIcESaIcEEE
FNDA:15220,_ZN4asmb5pep1023allowed_addressing_modeEN3isa5pep1020instruction_mnemonicENS2_15addressing_modeE
FNDA:11570,_ZN4asmb5pep1017valid_symbol_nameERKNSt7__cxx1112basic_stringIcSt11char_traitsIcESaIcEEE
FNDA:409,_ZN4asmb5pep106parser5parseERSt10shared_ptrIN4masm7project7projectItEEERS2_INS3_3elf12code_sectionItEEE
FNDA:18779,_ZN4asmb5pep106parser13parse_operandEN4masm8frontend10token_typeENSt7__cxx1112basic_stringIcSt11char_traitsIcESaIcEEESt10shared_ptrIN6symbol9LeafTableItEEE
FNDA:2095,_ZN4asmb5pep106parser11parse_unaryERN9__gnu_cxx17__normal_iteratorIPSt4pairIN4masm8frontend10token_typeENSt7__cxx1112basic_stringIcSt11char_traitsIcESaIcEEEESt6vectorISE_SaISE_EEEERKSJ_N3isa5pep1020instruction_mnemonicE
FNDA:15220,_ZN4asmb5pep106parser14parse_nonunaryERN9__gnu_cxx17__normal_iteratorIPSt4pairIN4masm8frontend10token_typeENSt7__cxx1112basic_stringIcSt11char_traitsIcESaIcEEEESt6vectorISE_SaISE_EEEERKSJ_St10shared_ptrIN6symbol9LeafTableItEEEN3isa5pep1020instruction_mnemonicE
FNDA:0,_ZN4asmb5pep106parser22parse_macro_invocationERN9__gnu_cxx17__normal_iteratorIPSt4pairIN4masm8frontend10token_typeENSt7__cxx1112basic_stringIcSt11char_traitsIcESaIcEEEESt6vectorISE_SaISE_EEEERKSJ_
FNDA:244,_ZN4asmb5pep106parser11parse_ASCIIERN9__gnu_cxx17__normal_iteratorIPSt4pairIN4masm8frontend10token_typeENSt7__cxx1112basic_stringIcSt11char_traitsIcESaIcEEEESt6vectorISE_SaISE_EEEERKSJ_
FNDA:8,_ZN4asmb5pep106parser11parse_ALIGNERN9__gnu_cxx17__normal_iteratorIPSt4pairIN4masm8frontend10token_typeENSt7__cxx1112basic_stringIcSt11char_traitsIcESaIcEEEESt6vectorISE_SaISE_EEEERKSJ_
FNDA:424,_ZN4asmb5pep106parser11parse_BLOCKERN9__gnu_cxx17__normal_iteratorIPSt4pairIN4masm8frontend10token_typeENSt7__cxx1112basic_stringIcSt11char_traitsIcESaIcEEEESt6vectorISE_SaISE_EEEERKSJ_
FNDA:60,_ZN4asmb5pep106parser10parse_BURNERN9__gnu_cxx17__normal_iteratorIPSt4pairIN4masm8frontend10token_typeENSt7__cxx1112basic_stringIcSt11char_traitsIcESaIcEEEESt6vectorISE_SaISE_EEEERKSJ_
FNDA:14,_ZN4asmb5pep106parser10parse_BYTEERN9__gnu_cxx17__normal_iteratorIPSt4pairIN4masm8frontend10token_typeENSt7__cxx1112basic_stringIcSt11char_traitsIcESaIcEEEESt6vectorISE_SaISE_EEEERKSJ_
FNDA:327,_ZN4asmb5pep106parser9parse_ENDERN9__gnu_cxx17__normal_iteratorIPSt4pairIN4masm8frontend10token_typeENSt7__cxx1112basic_stringIcSt11char_traitsIcESaIcEEEESt6vectorISE_SaISE_EEEERKSJ_
FNDA:1357,_ZN4asmb5pep106parser12parse_EQUATEERN9__gnu_cxx17__normal_iteratorIPSt4pairIN4masm8frontend10token_typeENSt7__cxx1112basic_stringIcSt11char_traitsIcESaIcEEEESt6vectorISE_SaISE_EEEERKSJ_
FNDA:436,_ZN4asmb5pep106parser12parse_EXPORTERN9__gnu_cxx17__normal_iteratorIPSt4pairIN4masm8frontend10token_typeENSt7__cxx1112basic_stringIcSt11char_traitsIcESaIcEEEESt6vectorISE_SaISE_EEEERKSJ_St10shared_ptrIN6symbol9LeafTableItEEE
FNDA:202,_ZN4asmb5pep106parser11parse_SCALLERN9__gnu_cxx17__normal_iteratorIPSt4pairIN4masm8frontend10token_typeENSt7__cxx1112basic_stringIcSt11char_traitsIcESaIcEEEESt6vectorISE_SaISE_EEEERKSJ_St10shared_ptrIN6symbol9LeafTableItEEESN_INS5_14macro_registryEE
FNDA:46,_ZN4asmb5pep106parser12parse_USCALLERN9__gnu_cxx17__normal_iteratorIPSt4pairIN4masm8frontend10token_typeENSt7__cxx1112basic_stringIcSt11char_traitsIcESaIcEEEESt6vectorISE_SaISE_EEEERKSJ_St10shared_ptrIN6symbol9LeafTableItEEESN_INS5_14macro_registryEE
FNDA:1034,_ZN4asmb5pep106parser10parse_WORDERN9__gnu_cxx17__normal_iteratorIPSt4pairIN4masm8frontend10token_typeENSt7__cxx1112basic_stringIcSt11char_traitsIcESaIcEEEESt6vectorISE_SaISE_EEEERKSJ_St10shared_ptrIN6symbol9LeafTableItEEE
FNDA:597780,parser.cpp:_ZZN4asmb5pep106parser5parseERSt10shared_ptrIN4masm7project7projectItEEERS2_INS3_3elf12code_sectionItEEEENK3$_0clISt4pairIKN3isa5pep1020instruction_mnemonicES2_INSI_22instruction_definitionEEEEEDaT_
FNF:22
FNH:20
DA:22,0
DA:23,0
DA:24,0
DA:25,0
DA:27,45660
DA:28,45660
DA:29,45660
DA:30,45660
DA:31,45660
DA:32,45660
DA:33,45660
DA:34,45660
DA:35,45660
DA:36,45660
DA:37,45660
DA:38,45660
DA:40,11250
DA:41,11250
DA:42,11250
DA:43,5908
DA:44,4152
DA:45,3713
DA:46,3589
DA:47,103
DA:48,87
DA:49,85
DA:50,0
DA:51,11250
DA:54,15220
DA:55,15220
DA:56,15220
DA:57,15220
DA:58,15220
DA:59,15220
DA:60,15220
DA:61,0
DA:62,0
DA:63,0
DA:64,3970
DA:65,3970
DA:66,6848
DA:67,8157
DA:68,8157
DA:69,118
DA:70,118
DA:71,2975
DA:72,2975
DA:73,0
DA:74,0
DA:75,15220
DA:76,15220
DA:79,11570
DA:81,11570
DA:82,11570
DA:83,11570
DA:88,409
DA:89,409
DA:90,409
DA:91,409
DA:92,409
DA:93,409
DA:94,409
DA:95,409
DA:96,409
DA:98,409
DA:99,409
DA:100,409
DA:101,409
DA:102,409
DA:103,409
DA:104,409
DA:106,409
DA:107,409
DA:108,409
DA:109,409
DA:110,27208
DA:111,27208
DA:112,27208
DA:113,27208
DA:114,27208
DA:115,27208
DA:118,27208
DA:120,5308
DA:122,5308
DA:123,5308
DA:124,5308
DA:125,5308
DA:126,5308
DA:127,5308
DA:128,21900
DA:129,197
DA:130,197
DA:131,197
DA:132,197
DA:133,197
DA:136,21703
DA:137,5413
DA:138,5413
DA:141,21703
DA:143,17315
DA:144,17315
DA:145,597780
DA:146,597780
DA:147,597780
DA:148,17315
DA:150,17315
DA:151,17315
DA:152,2095
DA:153,2095
DA:154,15220
DA:155,15220
DA:156,15220
DA:158,17315
DA:159,17315
DA:160,1
DA:161,1
DA:162,1
DA:163,17314
DA:165,17315
DA:167,4388
DA:168,4156
DA:169,3912
DA:170,3904
DA:171,3480
DA:172,60
DA:173,60
DA:174,60
DA:175,0
DA:176,0
DA:177,0
DA:178,60
DA:179,3420
DA:180,3406
DA:181,327
DA:182,327
DA:183,327
DA:184,0
DA:185,0
DA:186,0
DA:187,327
DA:188,3079
DA:189,1357
DA:190,1357
DA:191,1355
DA:192,0
DA:193,0
DA:194,0
DA:195,1355
DA:196,1355
DA:197,1355
DA:198,1355
DA:199,1355
DA:200,1357
DA:201,1722
DA:202,436
DA:203,436
DA:204,1
DA:205,1
DA:206,1
DA:207,436
DA:208,1286
DA:209,202
DA:210,202
DA:211,1
DA:212,1
DA:213,1
DA:214,202
DA:215,1084
DA:216,46
DA:217,46
DA:218,1
DA:219,1
DA:220,1
DA:221,46
DA:222,1038
DA:223,4
DA:224,4
DA:225,4
DA:227,4156
DA:228,4156
DA:229,39
DA:230,39
DA:231,39
DA:232,4117
DA:235,4156
DA:236,232
DA:240,232
DA:244,232
DA:245,232
DA:247,232
DA:250,232
DA:251,232
DA:252,6
DA:253,6
DA:255,6
DA:256,6
DA:259,813
DA:260,813
DA:262,813
DA:263,813
DA:264,232
DA:265,232
DA:266,232
DA:267,813
DA:269,232
DA:270,232
DA:272,232
DA:274,232
DA:276,0
DA:278,0
DA:279,0
DA:280,0
DA:282,0
DA:283,0
DA:284,0
DA:285,0
DA:286,0
DA:287,0
DA:288,0
DA:290,21663
DA:292,12703
DA:293,12703
DA:296,21663
DA:297,0
DA:298,0
DA:299,0
DA:300,0
DA:301,21663
DA:302,21663
DA:303,21663
DA:306,409
DA:307,409
DA:308,409
DA:309,409
DA:313,18779
DA:314,18779
DA:315,18779
DA:316,18779
DA:317,18779
DA:318,11570
DA:319,11570
DA:320,11570
DA:322,11570
DA:323,11570
DA:324,11570
DA:325,11570
DA:326,11570
DA:327,714
DA:329,714
DA:330,714
DA:331,714
DA:332,0
DA:333,6
DA:335,6
DA:336,3
DA:337,3
DA:338,3
DA:339,3
DA:340,3
DA:341,5421
DA:343,5421
DA:344,5421
DA:345,5421
DA:346,1068
DA:348,1068
DA:349,1068
DA:350,1068
DA:351,0
DA:352,0
DA:353,18779
DA:354,18779
DA:358,2095
DA:359,2095
DA:360,2095
DA:361,2095
DA:362,2095
DA:367,15220
DA:368,15220
DA:369,15220
DA:370,15220
DA:371,15220
DA:372,15220
DA:373,15220
DA:374,15220
DA:375,15220
DA:376,15220
DA:377,15220
DA:379,15220
DA:380,15220
DA:381,15220
DA:382,0
DA:383,15220
DA:384,0
DA:385,0
DA:386,15220
DA:387,0
DA:388,0
DA:389,15220
DA:390,0
DA:391,0
DA:392,15220
DA:393,0
DA:394,0
DA:395,15220
DA:396,1
DA:397,1
DA:399,15219
DA:400,15219
DA:401,15219
DA:402,15219
DA:403,15219
DA:404,15219
DA:405,15220
DA:408,0
DA:409,0
DA:411,0
DA:412,0
DA:416,244
DA:417,244
DA:418,244
DA:420,244
DA:421,244
DA:422,4
DA:423,4
DA:424,240
DA:425,240
DA:426,240
DA:427,240
DA:428,0
DA:431,8
DA:432,8
DA:433,8
DA:434,8
DA:435,8
DA:436,8
DA:438,8
DA:439,8
DA:440,2
DA:441,2
DA:442,6
DA:443,0
DA:444,0
DA:445,6
DA:446,3
DA:447,3
DA:448,3
DA:449,3
DA:450,3
DA:451,3
DA:452,0
DA:455,424
DA:456,424
DA:457,424
DA:458,424
DA:459,424
DA:460,424
DA:462,424
DA:463,424
DA:464,2
DA:465,2
DA:466,422
DA:467,0
DA:468,0
DA:469,422
DA:470,0
DA:471,0
DA:472,422
DA:473,422
DA:474,422
DA:475,422
DA:476,0
DA:479,60
DA:480,60
DA:481,60
DA:482,60
DA:483,60
DA:485,60
DA:486,60
DA:487,4
DA:488,4
DA:489,56
DA:490,0
DA:491,0
DA:492,56
DA:493,0
DA:494,0
DA:495,56
DA:496,56
DA:497,56
DA:498,56
DA:499,0
DA:502,14
DA:503,14
DA:504,14
DA:505,14
DA:506,14
DA:507,14
DA:508,14
DA:509,14
DA:511,14
DA:512,14
DA:513,1
DA:514,1
DA:515,13
DA:516,0
DA:517,0
DA:518,13
DA:519,1
DA:520,1
DA:521,12
DA:522,12
DA:523,12
DA:524,12
DA:525,0
DA:528,327
DA:529,327
DA:530,327
DA:533,1357
DA:534,1357
DA:535,1357
DA:536,1357
DA:537,1357
DA:538,1357
DA:539,1357
DA:540,1357
DA:542,1357
DA:543,1357
DA:544,1
DA:545,1
DA:546,1356
DA:547,0
DA:548,0
DA:549,1356
DA:550,1
DA:551,1
DA:552,1355
DA:553,1355
DA:554,1355
DA:555,1355
DA:557,0
DA:561,436
DA:562,436
DA:563,436
DA:565,436
DA:566,436
DA:567,4
DA:568,4
DA:569,432
DA:570,0
DA:571,0
DA:572,432
DA:573,432
DA:574,432
DA:575,432
DA:576,0
DA:577,432
DA:578,432
DA:579,436
DA:583,202
DA:584,202
DA:585,202
DA:586,202
DA:587,202
DA:589,202
DA:590,202
DA:591,4
DA:592,4
DA:593,198
DA:594,0
DA:595,0
DA:596,198
DA:597,198
DA:598,198
DA:599,198
DA:600,198
DA:601,198
DA:602,0
DA:606,46
DA:607,46
DA:608,46
DA:609,46
DA:610,46
DA:612,46
DA:613,46
DA:614,4
DA:615,4
DA:616,42
DA:617,0
DA:618,0
DA:619,42
DA:620,42
DA:621,42
DA:622,42
DA:623,42
DA:624,42
DA:625,0
DA:629,1034
DA:630,1034
DA:631,1034
DA:632,1034
DA:633,1034
DA:634,1034
DA:635,1034
DA:636,1034
DA:637,1034
DA:639,1034
DA:640,1034
DA:641,0
DA:642,0
DA:643,1034
DA:644,0
DA:645,0
DA:646,1034
DA:647,1
DA:648,1
DA:649,1033
DA:650,1033
DA:651,1033
DA:652,1033
DA:653,0
BRDA:23,0,0,-
BRDA:23,0,1,-
BRDA:24,0,0,-
BRDA:24,0,1,-
BRDA:28,0,0,3339
BRDA:28,0,1,42321
BRDA:29,0,0,495
BRDA:29,0,1,41826
BRDA:30,0,0,354
BRDA:30,0,1,41472
BRDA:31,0,0,945
BRDA:31,0,1,40527
BRDA:32,0,0,1419
BRDA:32,0,1,39108
BRDA:33,0,0,369
BRDA:33,0,1,38739
BRDA:34,0,0,486
BRDA:34,0,1,38253
BRDA:35,0,0,585
BRDA:35,0,1,37668
BRDA:36,0,0,0
BRDA:36,0,1,37668
BRDA:37,0,0,3918
BRDA:37,0,1,33750
BRDA:42,0,0,5342
BRDA:42,0,1,5908
BRDA:43,0,0,1756
BRDA:43,0,1,4152
BRDA:44,0,0,439
BRDA:44,0,1,3713
BRDA:45,0,0,124
BRDA:45,0,1,3589
BRDA:46,0,0,3486
BRDA:46,0,1,103
BRDA:47,0,0,16
BRDA:47,0,1,87
BRDA:48,0,0,2
BRDA:48,0,1,85
BRDA:49,0,0,85
BRDA:49,0,1,0
BRDA:58,0,0,0
BRDA:58,0,1,15220
BRDA:61,0,0,0
BRDA:61,0,1,15220
BRDA:62,0,0,0
BRDA:62,0,1,15220
BRDA:64,0,0,3970
BRDA:64,0,1,11250
BRDA:65,0,0,3970
BRDA:65,0,1,0
BRDA:65,1,2,-
BRDA:65,1,3,-
BRDA:66,0,0,6848
BRDA:66,0,1,8372
BRDA:67,0,0,1309
BRDA:67,0,1,13911
BRDA:69,0,0,118
BRDA:69,0,1,15102
BRDA:71,0,0,2975
BRDA:71,0,1,12245
BRDA:73,0,0,0
BRDA:73,0,1,15220
BRDA:81,0,0,0
BRDA:81,0,1,11570
BRDA:110,0,0,27208
BRDA:110,0,1,409
BRDA:118,0,0,5308
BRDA:118,0,1,21900
BRDA:128,0,0,197
BRDA:128,0,1,21703
BRDA:136,0,0,5413
BRDA:136,0,1,16290
BRDA:141,0,0,17315
BRDA:141,0,1,4388
BRDA:150,0,0,0
BRDA:150,0,1,17315
BRDA:151,0,0,2095
BRDA:151,0,1,15220
BRDA:159,0,0,1
BRDA:159,0,1,17314
BRDA:163,0,0,3094
BRDA:163,0,1,14220
BRDA:167,0,0,4156
BRDA:167,0,1,232
BRDA:168,0,0,244
BRDA:168,0,1,3912
BRDA:169,0,0,8
BRDA:169,0,1,3904
BRDA:170,0,0,424
BRDA:170,0,1,3480
BRDA:171,0,0,60
BRDA:171,0,1,3420
BRDA:173,0,0,56
BRDA:173,0,1,4
BRDA:174,0,0,56
BRDA:174,0,1,4
BRDA:174,1,2,0
BRDA:174,1,3,56
BRDA:179,0,0,14
BRDA:179,0,1,3406
BRDA:180,0,0,327
BRDA:180,0,1,3079
BRDA:182,0,0,327
BRDA:182,0,1,0
BRDA:183,0,0,327
BRDA:183,0,1,0
BRDA:183,1,2,0
BRDA:183,1,3,327
BRDA:188,0,0,1357
BRDA:188,0,1,1722
BRDA:190,0,0,2
BRDA:190,0,1,1355
BRDA:191,0,0,0
BRDA:191,0,1,1355
BRDA:201,0,0,436
BRDA:201,0,1,1286
BRDA:203,0,0,432
BRDA:203,0,1,4
BRDA:203,1,2,1
BRDA:203,1,3,431
BRDA:208,0,0,202
BRDA:208,0,1,1084
BRDA:210,0,0,198
BRDA:210,0,1,4
BRDA:210,1,2,1
BRDA:210,1,3,197
BRDA:215,0,0,46
BRDA:215,0,1,1038
BRDA:217,0,0,42
BRDA:217,0,1,4
BRDA:217,1,2,1
BRDA:217,1,3,41
BRDA:222,0,0,1034
BRDA:222,0,1,4
BRDA:228,0,0,39
BRDA:228,0,1,4117
BRDA:232,0,0,2282
BRDA:232,0,1,1835
BRDA:236,0,0,232
BRDA:236,0,1,0
BRDA:245,0,0,144
BRDA:245,0,1,88
BRDA:251,0,0,226
BRDA:251,0,1,6
BRDA:253,0,0,6
BRDA:253,0,1,0
BRDA:259,0,0,813
BRDA:259,0,1,0
BRDA:260,0,0,471
BRDA:260,0,1,342
BRDA:260,1,2,232
BRDA:260,1,3,581
BRDA:262,0,0,471
BRDA:262,0,1,0
BRDA:263,0,0,232
BRDA:263,0,1,239
BRDA:272,0,0,31
BRDA:272,0,1,201
BRDA:278,0,0,-
BRDA:278,0,1,-
BRDA:282,0,0,-
BRDA:282,0,1,-
BRDA:290,0,0,12703
BRDA:290,0,1,8960
BRDA:296,0,0,0
BRDA:296,0,1,21663
BRDA:318,0,0,11570
BRDA:318,0,1,7209
BRDA:320,0,0,0
BRDA:320,0,1,11570
BRDA:327,0,0,714
BRDA:327,0,1,18065
BRDA:329,0,0,714
BRDA:329,0,1,0
BRDA:333,0,0,6
BRDA:333,0,1,18773
BRDA:335,0,0,3
BRDA:335,0,1,3
BRDA:341,0,0,5421
BRDA:341,0,1,13358
BRDA:344,0,0,0
BRDA:344,0,1,5421
BRDA:346,0,0,1068
BRDA:346,0,1,17711
BRDA:349,0,0,0
BRDA:349,0,1,1068
BRDA:351,0,0,0
BRDA:351,0,1,18779
BRDA:381,0,0,0
BRDA:381,0,1,15220
BRDA:383,0,0,0
BRDA:383,0,1,15220
BRDA:386,0,0,11250
BRDA:386,0,1,3970
BRDA:386,1,2,0
BRDA:386,1,3,11250
BRDA:389,0,0,11250
BRDA:389,0,1,3970
BRDA:389,1,2,0
BRDA:389,1,3,11250
BRDA:392,0,0,11250
BRDA:392,0,1,3970
BRDA:392,1,2,0
BRDA:392,1,3,15220
BRDA:395,0,0,1
BRDA:395,0,1,15219
BRDA:399,0,0,0
BRDA:399,0,1,15219
BRDA:421,0,0,4
BRDA:421,0,1,240
BRDA:439,0,0,2
BRDA:439,0,1,6
BRDA:442,0,0,0
BRDA:442,0,1,6
BRDA:445,0,0,3
BRDA:445,0,1,3
BRDA:445,1,2,3
BRDA:445,1,3,0
BRDA:445,2,4,3
BRDA:445,2,5,0
BRDA:463,0,0,2
BRDA:463,0,1,422
BRDA:466,0,0,0
BRDA:466,0,1,422
BRDA:469,0,0,0
BRDA:469,0,1,422
BRDA:486,0,0,4
BRDA:486,0,1,56
BRDA:489,0,0,0
BRDA:489,0,1,56
BRDA:492,0,0,0
BRDA:492,0,1,56
BRDA:512,0,0,1
BRDA:512,0,1,13
BRDA:515,0,0,0
BRDA:515,0,1,13
BRDA:518,0,0,1
BRDA:518,0,1,12
BRDA:543,0,0,1
BRDA:543,0,1,1356
BRDA:546,0,0,0
BRDA:546,0,1,1356
BRDA:549,0,0,1
BRDA:549,0,1,1355
BRDA:566,0,0,4
BRDA:566,0,1,432
BRDA:569,0,0,0
BRDA:569,0,1,432
BRDA:590,0,0,4
BRDA:590,0,1,198
BRDA:593,0,0,0
BRDA:593,0,1,198
BRDA:613,0,0,4
BRDA:613,0,1,42
BRDA:616,0,0,0
BRDA:616,0,1,42
BRDA:640,0,0,0
BRDA:640,0,1,1034
BRDA:643,0,0,0
BRDA:643,0,1,1034
BRDA:646,0,0,1
BRDA:646,0,1,1033
BRF:262
BFH:208
LF:523
LH:439
end_of_record
SF:/workspaces/pep10term/dependencies/pepcore/src/libisa/asmb/pep10/tokenizer.hpp
FN:42,_ZN4asmb5pep109tokenizerIN5boost6spirit3lex7lexertl11actor_lexerINS5_5tokenIN9__gnu_cxx17__normal_iteratorIPcNSt7__cxx1112basic_stringIcSt11char_traitsIcESaIcEEEEENS2_3mpl6vectorISG_xN4mpl_2naESL_SL_SL_SL_SL_SL_SL_SL_SL_SL_SL_SL_SL_SL_SL_SL_SL_EENSK_5bool_ILb1EEEmEESH_NS5_7functorISP_NS5_6detail4dataESH_SO_SO_EEEEEC2Ev
FN:67,_ZN4asmb5pep109tokenizerIN5boost6spirit3lex7lexertl11actor_lexerINS5_5tokenIN9__gnu_cxx17__normal_iteratorIPcNSt7__cxx1112basic_stringIcSt11char_traitsIcESaIcEEEEENS2_3mpl6vectorISG_xN4mpl_2naESL_SL_SL_SL_SL_SL_SL_SL_SL_SL_SL_SL_SL_SL_SL_SL_SL_EENSK_5bool_ILb1EEEmEESH_NS5_7functorISP_NS5_6detail4dataESH_SO_SO_EEEEE21convert_token_to_typeESP_
FNDA:337,_ZN4asmb5pep109tokenizerIN5boost6spirit3lex7lexertl11actor_lexerINS5_5tokenIN9__gnu_cxx17__normal_iteratorIPcNSt7__cxx1112basic_stringIcSt11char_traitsIcESaIcEEEEENS2_3mpl6vectorISG_xN4mpl_2naESL_SL_SL_SL_SL_SL_SL_SL_SL_SL_SL_SL_SL_SL_SL_SL_SL_EENSK_5bool_ILb1EEEmEESH_NS5_7functorISP_NS5_6detail4dataESH_SO_SO_EEEEEC2Ev
FNDA:114943,_ZN4asmb5pep109tokenizerIN5boost6spirit3lex7lexertl11actor_lexerINS5_5tokenIN9__gnu_cxx17__normal_iteratorIPcNSt7__cxx1112basic_stringIcSt11char_traitsIcESaIcEEEEENS2_3mpl6vectorISG_xN4mpl_2naESL_SL_SL_SL_SL_SL_SL_SL_SL_SL_SL_SL_SL_SL_SL_SL_SL_EENSK_5bool_ILb1EEEmEESH_NS5_7functorISP_NS5_6detail4dataESH_SO_SO_EEEEE21convert_token_to_typeESP_
FNF:2
FNH:2
DA:42,337
DA:43,337
DA:44,337
DA:45,337
DA:46,337
DA:47,337
DA:48,337
DA:49,337
DA:50,337
DA:51,337
DA:52,337
DA:53,337
DA:54,337
DA:55,337
DA:56,337
DA:57,337
DA:58,337
DA:59,337
DA:60,337
DA:67,114943
DA:68,114943
DA:69,114943
DA:70,114943
DA:71,114943
BRDA:69,0,0,0
BRDA:69,0,1,114943
BRF:2
BFH:1
LF:24
LH:24
end_of_record
SF:/workspaces/pep10term/dependencies/pepcore/src/libisa/components/delta/base.hpp
FN:28,_ZN10components5delta4BaseIthED2Ev
FN:28,_ZN10components5delta4BaseIhtED2Ev
FN:28,_ZN10components5delta4BaseIhbED2Ev
FN:28,_ZN10components5delta4BaseIhhED2Ev
FNDA:197,_ZN10components5delta4BaseIthED2Ev
FNDA:184,_ZN10components5delta4BaseIhtED2Ev
FNDA:184,_ZN10components5delta4BaseIhbED2Ev
FNDA:18,_ZN10components5delta4BaseIhhED2Ev
FNF:1
FNH:1
DA:28,583
BRF:0
BFH:0
LF:1
LH:1
end_of_record
SF:/workspaces/pep10term/dependencies/pepcore/src/libisa/components/delta/base.tpp
FN:5,_ZN10components5delta4BaseIthEC2ERNS_7storage4BaseItLb1EhEE
FN:5,_ZN10components5delta4BaseIhtEC2ERNS_7storage4BaseIhLb1EtEE
FN:5,_ZN10components5delta4BaseIhbEC2ERNS_7storage4BaseIhLb1EbEE
FN:5,_ZN10components5delta4BaseIhhEC2ERNS_7storage4BaseIhLb1EhEE
FNDA:197,_ZN10components5delta4BaseIthEC2ERNS_7storage4BaseItLb1EhEE
FNDA:184,_ZN10components5delta4BaseIhtEC2ERNS_7storage4BaseIhLb1EtEE
FNDA:184,_ZN10components5delta4BaseIhbEC2ERNS_7storage4BaseIhLb1EbEE
FNDA:18,_ZN10components5delta4BaseIhhEC2ERNS_7storage4BaseIhLb1EhEE
FNF:1
FNH:1
DA:5,583
DA:7,583
BRF:0
BFH:0
LF:2
LH:2
end_of_record
SF:/workspaces/pep10term/dependencies/pepcore/src/libisa/components/delta/layered.hpp
FN:16,_ZN10components5delta7LayeredIthED2Ev
FNDA:1,_ZN10components5delta7LayeredIthED2Ev
FNF:1
FNH:1
DA:16,1
BRF:0
BFH:0
LF:1
LH:1
end_of_record
SF:/workspaces/pep10term/dependencies/pepcore/src/libisa/components/delta/layered.tpp
FN:7,_ZN10components5delta7LayeredIthEC2ERNS_7storage7LayeredItLb1EhEE
FN:22,_ZN10components5delta7LayeredIthE14apply_backwardEv
FN:14,_ZN10components5delta7LayeredIthE13apply_forwardEv
FN:30,_ZN10components5delta7LayeredIthE5clearEv
FN:37,_ZN10components5delta7LayeredIthE9add_deltaESt10unique_ptrINS0_4BaseIthEESt14default_deleteIS5_EE
FNDA:1,_ZN10components5delta7LayeredIthEC2ERNS_7storage7LayeredItLb1EhEE
FNDA:1,_ZN10components5delta7LayeredIthE14apply_backwardEv
FNDA:0,_ZN10components5delta7LayeredIthE13apply_forwardEv
FNDA:0,_ZN10components5delta7LayeredIthE5clearEv
FNDA:1,_ZN10components5delta7LayeredIthE9add_deltaESt10unique_ptrINS0_4BaseIthEESt14default_deleteIS5_EE
FNF:5
FNH:3
DA:7,1
DA:9,1
DA:14,0
DA:15,0
DA:16,0
DA:17,0
DA:22,1
DA:23,1
DA:24,1
DA:25,1
DA:30,0
DA:31,0
DA:32,0
DA:37,1
DA:38,1
DA:39,1
BRDA:15,0,0,-
BRDA:15,0,1,-
BRDA:16,0,0,-
BRDA:16,0,1,-
BRDA:23,0,0,0
BRDA:23,0,1,1
BRDA:24,0,0,1
BRDA:24,0,1,1
BRF:8
BFH:3
LF:16
LH:9
end_of_record
SF:/workspaces/pep10term/dependencies/pepcore/src/libisa/components/delta/mmio.hpp
FN:26,_ZN10components5delta5InputIthED2Ev
FN:42,_ZN10components5delta6OutputIthED2Ev
FNDA:4,_ZN10components5delta5InputIthED2Ev
FNDA:4,_ZN10components5delta6OutputIthED2Ev
FNF:2
FNH:2
DA:26,4
DA:42,4
BRF:0
BFH:0
LF:2
LH:2
end_of_record
SF:/workspaces/pep10term/dependencies/pepcore/src/libisa/components/delta/mmio.tpp
FN:7,_ZN10components5delta5InputIthEC2ERNS_7storage5InputItLb1EhEE
FN:21,_ZN10components5delta5InputIthE14apply_backwardEv
FN:14,_ZN10components5delta5InputIthE13apply_forwardEv
FN:28,_ZN10components5delta5InputIthE5clearEv
FN:35,_ZN10components5delta5InputIthE9add_deltaEv
FN:45,_ZN10components5delta6OutputIthEC2ERNS_7storage6OutputItLb1EhEE
FN:59,_ZN10components5delta6OutputIthE14apply_backwardEv
FN:52,_ZN10components5delta6OutputIthE13apply_forwardEv
FN:66,_ZN10components5delta6OutputIthE5clearEv
FN:73,_ZN10components5delta6OutputIthE9add_deltaEv
FNDA:4,_ZN10components5delta5InputIthEC2ERNS_7storage5InputItLb1EhEE
FNDA:1,_ZN10components5delta5InputIthE14apply_backwardEv
FNDA:0,_ZN10components5delta5InputIthE13apply_forwardEv
FNDA:0,_ZN10components5delta5InputIthE5clearEv
FNDA:5,_ZN10components5delta5InputIthE9add_deltaEv
FNDA:4,_ZN10components5delta6OutputIthEC2ERNS_7storage6OutputItLb1EhEE
FNDA:1,_ZN10components5delta6OutputIthE14apply_backwardEv
FNDA:0,_ZN10components5delta6OutputIthE13apply_forwardEv
FNDA:0,_ZN10components5delta6OutputIthE5clearEv
FNDA:4,_ZN10components5delta6OutputIthE9add_deltaEv
FNF:10
FNH:6
DA:7,4
DA:9,4
DA:14,0
DA:15,0
DA:16,0
DA:21,1
DA:22,3
DA:23,1
DA:28,0
DA:29,0
DA:30,0
DA:35,5
DA:36,5
DA:37,5
DA:45,4
DA:47,4
DA:52,0
DA:53,0
DA:54,0
DA:59,1
DA:60,3
DA:61,1
DA:66,0
DA:67,0
DA:68,0
DA:73,4
DA:74,4
DA:75,4
BRDA:15,0,0,-
BRDA:15,0,1,-
BRDA:22,0,0,2
BRDA:22,0,1,1
BRDA:53,0,0,-
BRDA:53,0,1,-
BRDA:60,0,0,2
BRDA:60,0,1,1
BRF:8
BFH:4
LF:28
LH:16
end_of_record
SF:/workspaces/pep10term/dependencies/pepcore/src/libisa/components/delta/vector.hpp
FN:15,_ZN10components5delta6VectorIthED2Ev
FN:15,_ZN10components5delta6VectorIhtED2Ev
FN:15,_ZN10components5delta6VectorIhbED2Ev
FN:15,_ZN10components5delta6VectorIhhED2Ev
FNDA:188,_ZN10components5delta6VectorIthED2Ev
FNDA:184,_ZN10components5delta6VectorIhtED2Ev
FNDA:184,_ZN10components5delta6VectorIhbED2Ev
FNDA:18,_ZN10components5delta6VectorIhhED2Ev
FNF:1
FNH:1
DA:15,574
BRF:0
BFH:0
LF:1
LH:1
end_of_record
SF:/workspaces/pep10term/dependencies/pepcore/src/libisa/components/delta/vector.tpp
FN:7,_ZN10components5delta6VectorIthEC2ERNS_7storage4BaseItLb1EhEE
FN:24,_ZN10components5delta6VectorIthE14apply_backwardEv
FN:14,_ZN10components5delta6VectorIthE13apply_forwardEv
FN:34,_ZN10components5delta6VectorIthE5clearEv
FN:41,_ZN10components5delta6VectorIthE9add_deltaEthh
FN:7,_ZN10components5delta6VectorIhtEC2ERNS_7storage4BaseIhLb1EtEE
FN:24,_ZN10components5delta6VectorIhtE14apply_backwardEv
FN:14,_ZN10components5delta6VectorIhtE13apply_forwardEv
FN:34,_ZN10components5delta6VectorIhtE5clearEv
FN:41,_ZN10components5delta6VectorIhtE9add_deltaEhtt
FN:7,_ZN10components5delta6VectorIhbEC2ERNS_7storage4BaseIhLb1EbEE
FN:24,_ZN10components5delta6VectorIhbE14apply_backwardEv
FN:14,_ZN10components5delta6VectorIhbE13apply_forwardEv
FN:34,_ZN10components5delta6VectorIhbE5clearEv
FN:41,_ZN10components5delta6VectorIhbE9add_deltaEhbb
FN:7,_ZN10components5delta6VectorIhhEC2ERNS_7storage4BaseIhLb1EhEE
FN:24,_ZN10components5delta6VectorIhhE14apply_backwardEv
FN:14,_ZN10components5delta6VectorIhhE13apply_forwardEv
FN:34,_ZN10components5delta6VectorIhhE5clearEv
FN:41,_ZN10components5delta6VectorIhhE9add_deltaEhhh
FNDA:188,_ZN10components5delta6VectorIthEC2ERNS_7storage4BaseItLb1EhEE
FNDA:1,_ZN10components5delta6VectorIthE14apply_backwardEv
FNDA:0,_ZN10components5delta6VectorIthE13apply_forwardEv
FNDA:43318666,_ZN10components5delta6VectorIthE5clearEv
FNDA:127859442,_ZN10components5delta6VectorIthE9add_deltaEthh
FNDA:184,_ZN10components5delta6VectorIhtEC2ERNS_7storage4BaseIhLb1EtEE
FNDA:0,_ZN10components5delta6VectorIhtE14apply_backwardEv
FNDA:0,_ZN10components5delta6VectorIhtE13apply_forwardEv
FNDA:43318666,_ZN10components5delta6VectorIhtE5clearEv
FNDA:230815027,_ZN10components5delta6VectorIhtE9add_deltaEhtt
FNDA:184,_ZN10components5delta6VectorIhbEC2ERNS_7storage4BaseIhLb1EbEE
FNDA:0,_ZN10components5delta6VectorIhbE14apply_backwardEv
FNDA:0,_ZN10components5delta6VectorIhbE13apply_forwardEv
FNDA:43318666,_ZN10components5delta6VectorIhbE5clearEv
FNDA:177862606,_ZN10components5delta6VectorIhbE9add_deltaEhbb
FNDA:18,_ZN10components5delta6VectorIhhEC2ERNS_7storage4BaseIhLb1EhEE
FNDA:0,_ZN10components5delta6VectorIhhE14apply_backwardEv
FNDA:0,_ZN10components5delta6VectorIhhE13apply_forwardEv
FNDA:0,_ZN10components5delta6VectorIhhE5clearEv
FNDA:9,_ZN10components5delta6VectorIhhE9add_deltaEhhh
FNF:5
FNH:4
DA:7,574
DA:9,574
DA:14,0
DA:15,0
DA:18,0
DA:19,0
DA:24,1
DA:25,1
DA:28,1
DA:29,1
DA:34,129955998
DA:35,129955998
DA:36,129955998
DA:41,536537084
DA:42,536537084
DA:43,536537084
DA:44,536537084
BRDA:15,0,0,-
BRDA:15,0,1,-
BRDA:15,1,2,-
BRDA:15,1,3,-
BRDA:15,2,4,-
BRDA:15,2,5,-
BRDA:15,3,6,-
BRDA:15,3,7,-
BRDA:18,0,0,-
BRDA:18,0,1,-
BRDA:18,1,2,-
BRDA:18,1,3,-
BRDA:18,2,4,-
BRDA:18,2,5,-
BRDA:18,3,6,-
BRDA:18,3,7,-
BRDA:25,0,0,0
BRDA:25,0,1,1
BRDA:25,1,2,-
BRDA:25,1,3,-
BRDA:25,2,4,-
BRDA:25,2,5,-
BRDA:25,3,6,-
BRDA:25,3,7,-
BRDA:28,0,0,1
BRDA:28,0,1,1
BRDA:28,1,2,-
BRDA:28,1,3,-
BRDA:28,2,4,-
BRDA:28,2,5,-
BRDA:28,3,6,-
BRDA:28,3,7,-
BRF:8
BFH:3
LF:17
LH:13
end_of_record
SF:/workspaces/pep10term/dependencies/pepcore/src/libisa/components/machine/interace.hpp
FN:63,_ZN10components7machine25MachineProcessorInterfaceIthN3isa5pep1012MemoryVectorEED2Ev
FN:42,_ZN10components7machine17InstructionLockerIthN3isa5pep1012MemoryVectorEEC2ERNS0_25MachineProcessorInterfaceIthS4_EE
FN:52,_ZN10components7machine17InstructionLockerIthN3isa5pep1012MemoryVectorEED2Ev
FN:19,_ZN10components7machine17TransactionLockerIthN3isa5pep1012MemoryVectorEEC2ERNS0_25MachineProcessorInterfaceIthS4_EE
FN:29,_ZN10components7machine17TransactionLockerIthN3isa5pep1012MemoryVectorEED2Ev
FNDA:184,_ZN10components7machine25MachineProcessorInterfaceIthN3isa5pep1012MemoryVectorEED2Ev
FNDA:43318798,_ZN10components7machine17InstructionLockerIthN3isa5pep1012MemoryVectorEEC2ERNS0_25MachineProcessorInterfaceIthS4_EE
FNDA:43318798,_ZN10components7machine17InstructionLockerIthN3isa5pep1012MemoryVectorEED2Ev
FNDA:86572170,_ZN10components7machine17TransactionLockerIthN3isa5pep1012MemoryVectorEEC2ERNS0_25MachineProcessorInterfaceIthS4_EE
FNDA:86572170,_ZN10components7machine17TransactionLockerIthN3isa5pep1012MemoryVectorEED2Ev
FNF:5
FNH:5
DA:19,86572170
DA:20,86572170
DA:21,86572170
DA:29,86572170
DA:30,86572170
DA:31,86572170
DA:42,43318798
DA:43,43318798
DA:44,43318798
DA:52,43318798
DA:53,43318798
DA:54,43318798
DA:63,184
BRF:0
BFH:0
LF:13
LH:13
end_of_record
SF:/workspaces/pep10term/dependencies/pepcore/src/libisa/components/machine/interface.tpp
FN:11,_ZN10components7machine25MachineProcessorInterfaceIthN3isa5pep1012MemoryVectorEE24acquire_instruction_lockEv
FN:4,_ZN10components7machine25MachineProcessorInterfaceIthN3isa5pep1012MemoryVectorEE24acquire_transaction_lockEv
FNDA:43318798,_ZN10components7machine25MachineProcessorInterfaceIthN3isa5pep1012MemoryVectorEE24acquire_instruction_lockEv
FNDA:86572170,_ZN10components7machine25MachineProcessorInterfaceIthN3isa5pep1012MemoryVectorEE24acquire_transaction_lockEv
FNF:2
FNH:2
DA:4,86572170
DA:5,86572170
DA:6,86572170
DA:11,43318798
DA:12,43318798
DA:13,43318798
BRF:0
BFH:0
LF:6
LH:6
end_of_record
SF:/workspaces/pep10term/dependencies/pepcore/src/libisa/components/machine/processor_model.hpp
FN:36,_ZN10components7machine14ProcessorModelIththbLb1EED2Ev
FNDA:184,_ZN10components7machine14ProcessorModelIththbLb1EED2Ev
FNF:1
FNH:1
DA:36,184
BRF:0
BFH:0
LF:1
LH:1
end_of_record
SF:/workspaces/pep10term/dependencies/pepcore/src/libisa/components/storage/base.hpp
FN:22,_ZN10components7storage4BaseItLb1EhED2Ev
FN:22,_ZN10components7storage4BaseIhLb1EtED2Ev
FN:22,_ZN10components7storage4BaseIhLb1EbED2Ev
FN:22,_ZN10components7storage4BaseIhLb1EhED2Ev
FNDA:195,_ZN10components7storage4BaseItLb1EhED2Ev
FNDA:184,_ZN10components7storage4BaseIhLb1EtED2Ev
FNDA:184,_ZN10components7storage4BaseIhLb1EbED2Ev
FNDA:18,_ZN10components7storage4BaseIhLb1EhED2Ev
FNF:1
FNH:1
DA:22,581
BRF:0
BFH:0
LF:1
LH:1
end_of_record
SF:/workspaces/pep10term/dependencies/pepcore/src/libisa/components/storage/base.tpp
FN:5,_ZN10components7storage4BaseItLb1EhEC2Et
FN:12,_ZNK10components7storage4BaseItLb1EhE10max_offsetEv
FN:5,_ZN10components7storage4BaseIhLb1EtEC2Eh
FN:12,_ZNK10components7storage4BaseIhLb1EtE10max_offsetEv
FN:5,_ZN10components7storage4BaseIhLb1EbEC2Eh
FN:12,_ZNK10components7storage4BaseIhLb1EbE10max_offsetEv
FN:5,_ZN10components7storage4BaseIhLb1EhEC2Eh
FN:12,_ZNK10components7storage4BaseIhLb1EhE10max_offsetEv
FNDA:195,_ZN10components7storage4BaseItLb1EhEC2Et
FNDA:119994941,_ZNK10components7storage4BaseItLb1EhE10max_offsetEv
FNDA:184,_ZN10components7storage4BaseIhLb1EtEC2Eh
FNDA:0,_ZNK10components7storage4BaseIhLb1EtE10max_offsetEv
FNDA:184,_ZN10components7storage4BaseIhLb1EbEC2Eh
FNDA:0,_ZNK10components7storage4BaseIhLb1EbE10max_offsetEv
FNDA:18,_ZN10components7storage4BaseIhLb1EhEC2Eh
FNDA:1,_ZNK10components7storage4BaseIhLb1EhE10max_offsetEv
FNF:2
FNH:2
DA:5,581
DA:7,581
DA:12,119994942
DA:13,119994942
DA:14,119994942
BRF:0
BFH:0
LF:5
LH:5
end_of_record
SF:/workspaces/pep10term/dependencies/pepcore/src/libisa/components/storage/block.hpp
FN:24,_ZN10components7storage5BlockItLb1EhED2Ev
FN:24,_ZN10components7storage5BlockIhLb1EtED2Ev
FN:24,_ZN10components7storage5BlockIhLb1EbED2Ev
FN:24,_ZN10components7storage5BlockIhLb1EhED2Ev
FNDA:187,_ZN10components7storage5BlockItLb1EhED2Ev
FNDA:184,_ZN10components7storage5BlockIhLb1EtED2Ev
FNDA:184,_ZN10components7storage5BlockIhLb1EbED2Ev
FNDA:6,_ZN10components7storage5BlockIhLb1EhED2Ev
FNF:1
FNH:1
DA:24,561
BRF:0
BFH:0
LF:1
LH:1
end_of_record
SF:/workspaces/pep10term/dependencies/pepcore/src/libisa/components/storage/block.tpp
FN:12,_ZN10components7storage5BlockItLb1EhEC2Eth
FN:29,_ZN10components7storage5BlockItLb1EhE5clearEh
FN:36,_ZNK10components7storage5BlockItLb1EhE3getEt
FN:44,_ZN10components7storage5BlockItLb1EhE3setEth
FN:53,_ZNK10components7storage5BlockItLb1EhE4readEt
FN:61,_ZN10components7storage5BlockItLb1EhE5writeEth
FN:73,_ZNK10components7storage5BlockItLb1EhE14deltas_enabledEv
FN:80,_ZN10components7storage5BlockItLb1EhE11clear_deltaEv
FN:93,_ZN10components7storage5BlockItLb1EhE10take_deltaEv
FN:109,_ZN10components7storage5BlockItLb1EhE6resizeEt
FN:12,_ZN10components7storage5BlockIhLb1EtEC2Eht
FN:29,_ZN10components7storage5BlockIhLb1EtE5clearEt
FN:36,_ZNK10components7storage5BlockIhLb1EtE3getEh
FN:44,_ZN10components7storage5BlockIhLb1EtE3setEht
FN:53,_ZNK10components7storage5BlockIhLb1EtE4readEh
FN:61,_ZN10components7storage5BlockIhLb1EtE5writeEht
FN:73,_ZNK10components7storage5BlockIhLb1EtE14deltas_enabledEv
FN:80,_ZN10components7storage5BlockIhLb1EtE11clear_deltaEv
FN:93,_ZN10components7storage5BlockIhLb1EtE10take_deltaEv
FN:109,_ZN10components7storage5BlockIhLb1EtE6resizeEh
FN:12,_ZN10components7storage5BlockIhLb1EbEC2Ehb
FN:29,_ZN10components7storage5BlockIhLb1EbE5clearEb
FN:36,_ZNK10components7storage5BlockIhLb1EbE3getEh
FN:44,_ZN10components7storage5BlockIhLb1EbE3setEhb
FN:53,_ZNK10components7storage5BlockIhLb1EbE4readEh
FN:61,_ZN10components7storage5BlockIhLb1EbE5writeEhb
FN:73,_ZNK10components7storage5BlockIhLb1EbE14deltas_enabledEv
FN:80,_ZN10components7storage5BlockIhLb1EbE11clear_deltaEv
FN:93,_ZN10components7storage5BlockIhLb1EbE10take_deltaEv
FN:109,_ZN10components7storage5BlockIhLb1EbE6resizeEh
FN:12,_ZN10components7storage5BlockIhLb1EhEC2Ehh
FN:29,_ZN10components7storage5BlockIhLb1EhE5clearEh
FN:36,_ZNK10components7storage5BlockIhLb1EhE3getEh
FN:44,_ZN10components7storage5BlockIhLb1EhE3setEhh
FN:53,_ZNK10components7storage5BlockIhLb1EhE4readEh
FN:61,_ZN10components7storage5BlockIhLb1EhE5writeEhh
FN:73,_ZNK10components7storage5BlockIhLb1EhE14deltas_enabledEv
FN:80,_ZN10components7storage5BlockIhLb1EhE11clear_deltaEv
FN:93,_ZN10components7storage5BlockIhLb1EhE10take_deltaEv
FN:109,_ZN10components7storage5BlockIhLb1EhE6resizeEh
FNDA:187,_ZN10components7storage5BlockItLb1EhEC2Eth
FNDA:43318666,_ZN10components7storage5BlockItLb1EhE5clearEh
FNDA:255718903,_ZNK10components7storage5BlockItLb1EhE3getEt
FNDA:127859443,_ZN10components7storage5BlockItLb1EhE3setEth
FNDA:119994991,_ZNK10components7storage5BlockItLb1EhE4readEt
FNDA:127859442,_ZN10components7storage5BlockItLb1EhE5writeEth
FNDA:0,_ZNK10components7storage5BlockItLb1EhE14deltas_enabledEv
FNDA:43318666,_ZN10components7storage5BlockItLb1EhE11clear_deltaEv
FNDA:1,_ZN10components7storage5BlockItLb1EhE10take_deltaEv
FNDA:0,_ZN10components7storage5BlockItLb1EhE6resizeEt
FNDA:184,_ZN10components7storage5BlockIhLb1EtEC2Eht
FNDA:43318666,_ZN10components7storage5BlockIhLb1EtE5clearEt
FNDA:716168835,_ZNK10components7storage5BlockIhLb1EtE3getEh
FNDA:230815027,_ZN10components7storage5BlockIhLb1EtE3setEht
FNDA:485353808,_ZNK10components7storage5BlockIhLb1EtE4readEh
FNDA:230815027,_ZN10components7storage5BlockIhLb1EtE5writeEht
FNDA:0,_ZNK10components7storage5BlockIhLb1EtE14deltas_enabledEv
FNDA:43318666,_ZN10components7storage5BlockIhLb1EtE11clear_deltaEv
FNDA:0,_ZN10components7storage5BlockIhLb1EtE10take_deltaEv
FNDA:0,_ZN10components7storage5BlockIhLb1EtE6resizeEh
FNDA:184,_ZN10components7storage5BlockIhLb1EbEC2Ehb
FNDA:43318666,_ZN10components7storage5BlockIhLb1EbE5clearEb
FNDA:374337240,_ZNK10components7storage5BlockIhLb1EbE3getEh
FNDA:177862606,_ZN10components7storage5BlockIhLb1EbE3setEhb
FNDA:196474634,_ZNK10components7storage5BlockIhLb1EbE4readEh
FNDA:177862606,_ZN10components7storage5BlockIhLb1EbE5writeEhb
FNDA:0,_ZNK10components7storage5BlockIhLb1EbE14deltas_enabledEv
FNDA:43318666,_ZN10components7storage5BlockIhLb1EbE11clear_deltaEv
FNDA:0,_ZN10components7storage5BlockIhLb1EbE10take_deltaEv
FNDA:0,_ZN10components7storage5BlockIhLb1EbE6resizeEh
FNDA:6,_ZN10components7storage5BlockIhLb1EhEC2Ehh
FNDA:13,_ZN10components7storage5BlockIhLb1EhE5clearEh
FNDA:35,_ZNK10components7storage5BlockIhLb1EhE3getEh
FNDA:9,_ZN10components7storage5BlockIhLb1EhE3setEhh
FNDA:26,_ZNK10components7storage5BlockIhLb1EhE4readEh
FNDA:10,_ZN10components7storage5BlockIhLb1EhE5writeEhh
FNDA:0,_ZNK10components7storage5BlockIhLb1EhE14deltas_enabledEv
FNDA:0,_ZN10components7storage5BlockIhLb1EhE11clear_deltaEv
FNDA:0,_ZN10components7storage5BlockIhLb1EhE10take_deltaEv
FNDA:12,_ZN10components7storage5BlockIhLb1EhE6resizeEh
FNF:10
FNH:9
DA:12,561
DA:14,561
DA:29,129956011
DA:30,129956011
DA:31,129956011
DA:36,1346225013
DA:37,1346225013
DA:38,1346225012
DA:39,1346225013
DA:44,536537085
DA:45,536537085
DA:46,536537085
DA:47,536537085
DA:48,536537085
DA:53,801823459
DA:55,801823459
DA:56,801823459
DA:61,536537085
DA:62,536537085
DA:64,536537085
DA:65,536537084
DA:66,536537084
DA:67,536537084
DA:68,536537085
DA:73,0
DA:74,0
DA:75,0
DA:80,129955998
DA:81,129955998
DA:82,129955998
DA:83,129955998
DA:84,129955998
DA:85,129955998
DA:86,129955998
DA:87,129955998
DA:88,129955998
DA:93,1
DA:94,1
DA:96,1
DA:97,1
DA:98,1
DA:99,1
DA:100,1
DA:101,1
DA:102,1
DA:103,1
DA:104,1
DA:109,12
DA:110,12
DA:111,12
DA:112,12
DA:113,12
DA:114,12
BRDA:37,0,0,0
BRDA:37,0,1,255718903
BRDA:37,1,2,1
BRDA:37,1,3,34
BRDA:37,2,4,0
BRDA:37,2,5,374337240
BRDA:37,3,6,0
BRDA:37,3,7,716168835
BRDA:45,0,0,0
BRDA:45,0,1,127859443
BRDA:45,1,2,0
BRDA:45,1,3,9
BRDA:45,2,4,0
BRDA:45,2,5,177862606
BRDA:45,3,6,0
BRDA:45,3,7,230815027
BRDA:64,0,0,0
BRDA:64,0,1,177862606
BRDA:64,1,2,1
BRDA:64,1,3,9
BRDA:64,2,4,0
BRDA:64,2,5,127859442
BRDA:64,3,6,0
BRDA:64,3,7,230815027
BRF:6
BFH:5
LF:53
LH:50
end_of_record
SF:/workspaces/pep10term/dependencies/pepcore/src/libisa/components/storage/helper.tpp
FN:10,_ZN10components7storage15oob_read_helperItEE11StorageErrcT_
FN:17,_ZN10components7storage16oob_write_helperIthEE11StorageErrcT_T0_
FN:10,_ZN10components7storage15oob_read_helperIhEE11StorageErrcT_
FN:17,_ZN10components7storage16oob_write_helperIhtEE11StorageErrcT_T0_
FN:17,_ZN10components7storage16oob_write_helperIhbEE11StorageErrcT_T0_
FN:17,_ZN10components7storage16oob_write_helperIhhEE11StorageErrcT_T0_
FNDA:2,_ZN10components7storage15oob_read_helperItEE11StorageErrcT_
FNDA:0,_ZN10components7storage16oob_write_helperIthEE11StorageErrcT_T0_
FNDA:1,_ZN10components7storage15oob_read_helperIhEE11StorageErrcT_
FNDA:0,_ZN10components7storage16oob_write_helperIhtEE11StorageErrcT_T0_
FNDA:0,_ZN10components7storage16oob_write_helperIhbEE11StorageErrcT_T0_
FNDA:1,_ZN10components7storage16oob_write_helperIhhEE11StorageErrcT_T0_
FNF:2
FNH:2
DA:10,3
DA:11,3
DA:12,3
DA:17,1
DA:18,1
DA:19,1
BRF:0
BFH:0
LF:6
LH:6
end_of_record
SF:/workspaces/pep10term/dependencies/pepcore/src/libisa/components/storage/layered.hpp
FN:34,_ZN10components7storage7LayeredItLb1EhED2Ev
FNDA:2,_ZN10components7storage7LayeredItLb1EhED2Ev
FNF:1
FNH:1
DA:34,2
BRF:0
BFH:0
LF:1
LH:1
end_of_record
SF:/workspaces/pep10term/dependencies/pepcore/src/libisa/components/storage/layered.tpp
FN:12,_ZN10components7storage7LayeredItLb1EhEC2EthNS2_8ReadMissENS2_9WriteMissE
FN:41,_ZN10components7storage7LayeredItLb1EhE5clearEh
FN:48,_ZNK10components7storage7LayeredItLb1EhE3getEt
FN:67,_ZN10components7storage7LayeredItLb1EhE3setEth
FN:121,_ZNK10components7storage7LayeredItLb1EhE14deltas_enabledEv
FN:128,_ZN10components7storage7LayeredItLb1EhE11clear_deltaEv
FN:159,_ZN10components7storage7LayeredItLb1EhE6resizeEt
FN:30,_ZN10components7storage7LayeredItLb1EhE14append_storageEtSt10shared_ptrINS0_4BaseItLb1EhEEE
FN:103,_ZN10components7storage7LayeredItLb1EhE5writeEth
FN:85,_ZNK10components7storage7LayeredItLb1EhE4readEt
FN:144,_ZN10components7storage7LayeredItLb1EhE10take_deltaEv
FNDA:2,_ZN10components7storage7LayeredItLb1EhEC2EthNS2_8ReadMissENS2_9WriteMissE
FNDA:0,_ZN10components7storage7LayeredItLb1EhE5clearEh
FNDA:0,_ZNK10components7storage7LayeredItLb1EhE3getEt
FNDA:0,_ZN10components7storage7LayeredItLb1EhE3setEth
FNDA:0,_ZNK10components7storage7LayeredItLb1EhE14deltas_enabledEv
FNDA:0,_ZN10components7storage7LayeredItLb1EhE11clear_deltaEv
FNDA:0,_ZN10components7storage7LayeredItLb1EhE6resizeEt
FNDA:3,_ZN10components7storage7LayeredItLb1EhE14append_storageEtSt10shared_ptrINS0_4BaseItLb1EhEEE
FNDA:3,_ZN10components7storage7LayeredItLb1EhE5writeEth
FNDA:6,_ZNK10components7storage7LayeredItLb1EhE4readEt
FNDA:1,_ZN10components7storage7LayeredItLb1EhE10take_deltaEv
FNF:11
FNH:5
DA:12,2
DA:14,2
DA:30,3
DA:31,3
DA:32,3
DA:33,3
DA:34,3
DA:36,3
DA:41,0
DA:42,0
DA:43,0
DA:48,0
DA:50,0
DA:51,0
DA:52,0
DA:53,0
DA:54,0
DA:55,0
DA:56,0
DA:57,0
DA:58,0
DA:59,0
DA:60,0
DA:61,0
DA:62,0
DA:67,0
DA:68,0
DA:69,0
DA:70,0
DA:71,0
DA:72,0
DA:73,0
DA:74,0
DA:75,0
DA:76,0
DA:77,0
DA:78,0
DA:79,0
DA:80,0
DA:85,6
DA:86,6
DA:87,6
DA:88,6
DA:89,6
DA:90,3
DA:91,6
DA:92,6
DA:93,3
DA:94,3
DA:95,0
DA:96,3
DA:97,3
DA:98,3
DA:103,3
DA:104,3
DA:105,3
DA:106,3
DA:107,3
DA:108,2
DA:109,3
DA:110,3
DA:111,1
DA:112,1
DA:113,0
DA:114,1
DA:115,1
DA:116,1
DA:121,0
DA:122,0
DA:123,0
DA:128,0
DA:129,0
DA:130,0
DA:132,0
DA:133,0
DA:134,0
DA:135,0
DA:136,0
DA:137,0
DA:138,0
DA:139,0
DA:144,1
DA:145,1
DA:146,1
DA:148,1
DA:149,1
DA:150,1
DA:151,1
DA:152,1
DA:153,1
DA:154,1
DA:159,0
DA:160,0
DA:161,0
DA:162,0
DA:163,0
DA:165,0
DA:166,0
DA:167,0
BRDA:31,0,0,0
BRDA:31,0,1,3
BRDA:42,0,0,-
BRDA:42,0,1,-
BRDA:50,0,0,-
BRDA:50,0,1,-
BRDA:52,0,0,-
BRDA:52,0,1,-
BRDA:53,0,0,-
BRDA:53,0,1,-
BRDA:53,1,2,-
BRDA:53,1,3,-
BRDA:57,0,0,-
BRDA:57,0,1,-
BRDA:59,0,0,-
BRDA:59,0,1,-
BRDA:60,0,0,-
BRDA:60,0,1,-
BRDA:68,0,0,-
BRDA:68,0,1,-
BRDA:70,0,0,-
BRDA:70,0,1,-
BRDA:71,0,0,-
BRDA:71,0,1,-
BRDA:71,1,2,-
BRDA:71,1,3,-
BRDA:75,0,0,-
BRDA:75,0,1,-
BRDA:77,0,0,-
BRDA:77,0,1,-
BRDA:78,0,0,-
BRDA:78,0,1,-
BRDA:86,0,0,0
BRDA:86,0,1,6
BRDA:88,0,0,6
BRDA:88,0,1,3
BRDA:89,0,0,4
BRDA:89,0,1,2
BRDA:89,1,2,3
BRDA:89,1,3,1
BRDA:93,0,0,0
BRDA:93,0,1,3
BRDA:95,0,0,0
BRDA:95,0,1,3
BRDA:96,0,0,3
BRDA:96,0,1,0
BRDA:104,0,0,0
BRDA:104,0,1,3
BRDA:106,0,0,3
BRDA:106,0,1,1
BRDA:107,0,0,2
BRDA:107,0,1,1
BRDA:107,1,2,2
BRDA:107,1,3,0
BRDA:111,0,0,0
BRDA:111,0,1,1
BRDA:113,0,0,0
BRDA:113,0,1,1
BRDA:114,0,0,1
BRDA:114,0,1,0
BRDA:130,0,0,-
BRDA:130,0,1,-
BRDA:148,0,0,1
BRDA:148,0,1,1
BRDA:161,0,0,-
BRDA:161,0,1,-
BRDA:162,0,0,-
BRDA:162,0,1,-
BRF:68
BFH:22
LF:99
LH:44
end_of_record
SF:/workspaces/pep10term/dependencies/pepcore/src/libisa/components/storage/map.tpp
FN:10,_ZN10components7storage3MapIhLb1EhEC2Ehh
FN:26,_ZN10components7storage3MapIhLb1EhE5clearEh
FN:34,_ZNK10components7storage3MapIhLb1EhE3getEh
FN:43,_ZN10components7storage3MapIhLb1EhE3setEhh
FN:52,_ZNK10components7storage3MapIhLb1EhE4readEh
FN:60,_ZN10components7storage3MapIhLb1EhE5writeEhh
FN:72,_ZNK10components7storage3MapIhLb1EhE14deltas_enabledEv
FN:79,_ZN10components7storage3MapIhLb1EhE11clear_deltaEv
FN:92,_ZN10components7storage3MapIhLb1EhE10take_deltaEv
FN:108,_ZN10components7storage3MapIhLb1EhE6resizeEh
FNDA:6,_ZN10components7storage3MapIhLb1EhEC2Ehh
FNDA:12,_ZN10components7storage3MapIhLb1EhE5clearEh
FNDA:0,_ZNK10components7storage3MapIhLb1EhE3getEh
FNDA:0,_ZN10components7storage3MapIhLb1EhE3setEhh
FNDA:0,_ZNK10components7storage3MapIhLb1EhE4readEh
FNDA:0,_ZN10components7storage3MapIhLb1EhE5writeEhh
FNDA:0,_ZNK10components7storage3MapIhLb1EhE14deltas_enabledEv
FNDA:0,_ZN10components7storage3MapIhLb1EhE11clear_deltaEv
FNDA:0,_ZN10components7storage3MapIhLb1EhE10take_deltaEv
FNDA:12,_ZN10components7storage3MapIhLb1EhE6resizeEh
FNF:10
FNH:3
DA:10,6
DA:12,6
DA:26,12
DA:27,12
DA:28,12
DA:29,12
DA:34,0
DA:35,0
DA:36,0
DA:37,0
DA:38,0
DA:43,0
DA:44,0
DA:45,0
DA:46,0
DA:47,0
DA:52,0
DA:54,0
DA:55,0
DA:60,0
DA:61,0
DA:63,0
DA:64,0
DA:65,0
DA:66,0
DA:67,0
DA:72,0
DA:73,0
DA:74,0
DA:79,0
DA:80,0
DA:81,0
DA:82,0
DA:83,0
DA:84,0
DA:85,0
DA:86,0
DA:87,0
DA:92,0
DA:93,0
DA:95,0
DA:96,0
DA:97,0
DA:98,0
DA:99,0
DA:100,0
DA:101,0
DA:102,0
DA:103,0
DA:108,12
DA:109,12
DA:110,12
DA:111,12
DA:112,12
BRDA:35,0,0,-
BRDA:35,0,1,-
BRDA:36,0,0,-
BRDA:36,0,1,-
BRDA:44,0,0,-
BRDA:44,0,1,-
BRDA:63,0,0,-
BRDA:63,0,1,-
BRF:8
BFH:0
LF:54
LH:11
end_of_record
SF:/workspaces/pep10term/dependencies/pepcore/src/libisa/components/storage/mmio.hpp
FN:20,_ZN10components7storage5InputItLb1EhED2Ev
FN:63,_ZN10components7storage6OutputItLb1EhED2Ev
FNDA:3,_ZN10components7storage5InputItLb1EhED2Ev
FNDA:3,_ZN10components7storage6OutputItLb1EhED2Ev
FNF:2
FNH:2
DA:20,3
DA:63,3
BRF:0
BFH:0
LF:2
LH:2
end_of_record
SF:/workspaces/pep10term/dependencies/pepcore/src/libisa/components/storage/mmio.tpp
FN:13,_ZN10components7storage5InputItLb1EhEC2Eh
FN:30,_ZN10components7storage5InputItLb1EhE5clearEh
FN:48,_ZN10components7storage5InputItLb1EhE3setEth
FN:70,_ZN10components7storage5InputItLb1EhE5writeEth
FN:91,_ZN10components7storage5InputItLb1EhE11clear_deltaEv
FN:120,_ZN10components7storage5InputItLb1EhE6resizeEt
FN:55,_ZNK10components7storage5InputItLb1EhE4readEt
FN:84,_ZNK10components7storage5InputItLb1EhE14deltas_enabledEv
FN:77,_ZN10components7storage5InputItLb1EhE8endpointEv
FN:39,_ZNK10components7storage5InputItLb1EhE3getEt
FN:104,_ZN10components7storage5InputItLb1EhE10take_deltaEv
FN:134,_ZN10components7storage6OutputItLb1EhEC2Eh
FN:151,_ZN10components7storage6OutputItLb1EhE5clearEh
FN:160,_ZNK10components7storage6OutputItLb1EhE3getEt
FN:170,_ZN10components7storage6OutputItLb1EhE3setEth
FN:214,_ZN10components7storage6OutputItLb1EhE11clear_deltaEv
FN:243,_ZN10components7storage6OutputItLb1EhE6resizeEt
FN:179,_ZNK10components7storage6OutputItLb1EhE4readEt
FN:207,_ZNK10components7storage6OutputItLb1EhE14deltas_enabledEv
FN:200,_ZN10components7storage6OutputItLb1EhE8endpointEv
FN:186,_ZN10components7storage6OutputItLb1EhE5writeEth
FN:227,_ZN10components7storage6OutputItLb1EhE10take_deltaEv
FNDA:3,_ZN10components7storage5InputItLb1EhEC2Eh
FNDA:0,_ZN10components7storage5InputItLb1EhE5clearEh
FNDA:0,_ZN10components7storage5InputItLb1EhE3setEth
FNDA:0,_ZN10components7storage5InputItLb1EhE5writeEth
FNDA:0,_ZN10components7storage5InputItLb1EhE11clear_deltaEv
FNDA:0,_ZN10components7storage5InputItLb1EhE6resizeEt
FNDA:6,_ZNK10components7storage5InputItLb1EhE4readEt
FNDA:1,_ZNK10components7storage5InputItLb1EhE14deltas_enabledEv
FNDA:2,_ZN10components7storage5InputItLb1EhE8endpointEv
FNDA:2,_ZNK10components7storage5InputItLb1EhE3getEt
FNDA:1,_ZN10components7storage5InputItLb1EhE10take_deltaEv
FNDA:3,_ZN10components7storage6OutputItLb1EhEC2Eh
FNDA:0,_ZN10components7storage6OutputItLb1EhE5clearEh
FNDA:1,_ZNK10components7storage6OutputItLb1EhE3getEt
FNDA:0,_ZN10components7storage6OutputItLb1EhE3setEth
FNDA:0,_ZN10components7storage6OutputItLb1EhE11clear_deltaEv
FNDA:0,_ZN10components7storage6OutputItLb1EhE6resizeEt
FNDA:1,_ZNK10components7storage6OutputItLb1EhE4readEt
FNDA:1,_ZNK10components7storage6OutputItLb1EhE14deltas_enabledEv
FNDA:2,_ZN10components7storage6OutputItLb1EhE8endpointEv
FNDA:4,_ZN10components7storage6OutputItLb1EhE5writeEth
FNDA:1,_ZN10components7storage6OutputItLb1EhE10take_deltaEv
FNF:22
FNH:13
DA:13,3
DA:15,3
DA:30,0
DA:31,0
DA:33,0
DA:34,0
DA:39,2
DA:40,2
DA:42,2
DA:43,2
DA:48,0
DA:49,0
DA:50,0
DA:55,6
DA:56,6
DA:57,5
DA:58,5
DA:59,5
DA:61,5
DA:62,5
DA:64,5
DA:65,5
DA:70,0
DA:71,0
DA:72,0
DA:77,2
DA:78,2
DA:79,2
DA:84,1
DA:85,1
DA:86,1
DA:91,0
DA:92,0
DA:93,0
DA:94,0
DA:95,0
DA:96,0
DA:97,0
DA:98,0
DA:99,0
DA:104,1
DA:105,1
DA:107,1
DA:108,1
DA:109,1
DA:110,1
DA:111,1
DA:112,1
DA:113,1
DA:114,1
DA:115,1
DA:120,0
DA:121,0
DA:122,0
DA:134,3
DA:136,3
DA:151,0
DA:152,0
DA:154,0
DA:155,0
DA:160,1
DA:161,1
DA:163,0
DA:164,0
DA:165,0
DA:170,0
DA:171,0
DA:172,0
DA:173,0
DA:174,0
DA:179,1
DA:180,1
DA:181,1
DA:186,4
DA:187,4
DA:188,4
DA:189,4
DA:190,4
DA:192,4
DA:193,4
DA:194,4
DA:195,4
DA:200,2
DA:201,2
DA:202,2
DA:207,1
DA:208,1
DA:209,1
DA:214,0
DA:215,0
DA:216,0
DA:217,0
DA:218,0
DA:219,0
DA:220,0
DA:221,0
DA:222,0
DA:227,1
DA:228,1
DA:230,1
DA:231,1
DA:232,1
DA:233,1
DA:234,1
DA:235,1
DA:236,1
DA:237,1
DA:238,1
DA:243,0
DA:244,0
DA:245,0
BRDA:40,0,0,0
BRDA:40,0,1,2
BRDA:56,0,0,1
BRDA:56,0,1,5
BRDA:62,0,0,0
BRDA:62,0,1,5
BRDA:161,0,0,1
BRDA:161,0,1,0
BRDA:163,0,0,-
BRDA:163,0,1,-
BRDA:171,0,0,-
BRDA:171,0,1,-
BRDA:187,0,0,0
BRDA:187,0,1,4
BRF:14
BFH:6
LF:111
LH:65
end_of_record
SF:/workspaces/pep10term/dependencies/pepcore/src/libisa/components/storage/pubsub.tpp
FN:73,_ZN10components7storage7ChannelIthEC2Eh
FN:9,_ZN10components7storage7ChannelIthE5EventC2EhtbSt10shared_ptrIS3_Em
FN:81,_ZN10components7storage7ChannelIthE12new_endpointEv
FN:16,_ZN10components7storage7ChannelIthE8EndpointC2ESt10shared_ptrIKNS2_5EventEEtS4_IS2_E
FN:47,_ZN10components7storage7ChannelIthE8Endpoint6unreadEv
FN:160,_ZNK10components7storage7ChannelIthE14previous_eventESt10shared_ptrIKNS2_5EventEE
FN:28,_ZNK10components7storage7ChannelIthE8Endpoint10next_valueEv
FN:138,_ZNK10components7storage7ChannelIthE10next_eventESt10shared_ptrIKNS2_5EventEE
FN:192,_ZN10components7storage7ChannelIthE5clearEh
FN:98,_ZN10components7storage7ChannelIthE12revert_eventEtm
FN:205,_ZN10components7storage7ChannelIthE16mutable_event_atEm
FN:40,_ZN10components7storage7ChannelIthE8Endpoint12append_valueEh
FN:88,_ZN10components7storage7ChannelIthE12append_eventEth
FN:21,_ZNK10components7storage7ChannelIthE8Endpoint13current_valueEv
FN:59,_ZN10components7storage7ChannelIthE8Endpoint7unwriteEv
FN:73,_ZN10components7storage7ChannelIhhEC2Eh
FN:9,_ZN10components7storage7ChannelIhhE5EventC2EhtbSt10shared_ptrIS3_Em
FN:81,_ZN10components7storage7ChannelIhhE12new_endpointEv
FN:16,_ZN10components7storage7ChannelIhhE8EndpointC2ESt10shared_ptrIKNS2_5EventEEtS4_IS2_E
FN:40,_ZN10components7storage7ChannelIhhE8Endpoint12append_valueEh
FN:88,_ZN10components7storage7ChannelIhhE12append_eventEth
FN:28,_ZNK10components7storage7ChannelIhhE8Endpoint10next_valueEv
FN:138,_ZNK10components7storage7ChannelIhhE10next_eventESt10shared_ptrIKNS2_5EventEE
FN:59,_ZN10components7storage7ChannelIhhE8Endpoint7unwriteEv
FN:98,_ZN10components7storage7ChannelIhhE12revert_eventEtm
FN:205,_ZN10components7storage7ChannelIhhE16mutable_event_atEm
FN:47,_ZN10components7storage7ChannelIhhE8Endpoint6unreadEv
FN:160,_ZNK10components7storage7ChannelIhhE14previous_eventESt10shared_ptrIKNS2_5EventEE
FNDA:6,_ZN10components7storage7ChannelIthEC2Eh
FNDA:14,_ZN10components7storage7ChannelIthE5EventC2EhtbSt10shared_ptrIS3_Em
FNDA:10,_ZN10components7storage7ChannelIthE12new_endpointEv
FNDA:10,_ZN10components7storage7ChannelIthE8EndpointC2ESt10shared_ptrIKNS2_5EventEEtS4_IS2_E
FNDA:2,_ZN10components7storage7ChannelIthE8Endpoint6unreadEv
FNDA:2,_ZNK10components7storage7ChannelIthE14previous_eventESt10shared_ptrIKNS2_5EventEE
FNDA:10,_ZNK10components7storage7ChannelIthE8Endpoint10next_valueEv
FNDA:10,_ZNK10components7storage7ChannelIthE10next_eventESt10shared_ptrIKNS2_5EventEE
FNDA:0,_ZN10components7storage7ChannelIthE5clearEh
FNDA:2,_ZN10components7storage7ChannelIthE12revert_eventEtm
FNDA:2,_ZN10components7storage7ChannelIthE16mutable_event_atEm
FNDA:8,_ZN10components7storage7ChannelIthE8Endpoint12append_valueEh
FNDA:8,_ZN10components7storage7ChannelIthE12append_eventEth
FNDA:2,_ZNK10components7storage7ChannelIthE8Endpoint13current_valueEv
FNDA:2,_ZN10components7storage7ChannelIthE8Endpoint7unwriteEv
FNDA:5,_ZN10components7storage7ChannelIhhEC2Eh
FNDA:12,_ZN10components7storage7ChannelIhhE5EventC2EhtbSt10shared_ptrIS3_Em
FNDA:11,_ZN10components7storage7ChannelIhhE12new_endpointEv
FNDA:11,_ZN10components7storage7ChannelIhhE8EndpointC2ESt10shared_ptrIKNS2_5EventEEtS4_IS2_E
FNDA:7,_ZN10components7storage7ChannelIhhE8Endpoint12append_valueEh
FNDA:7,_ZN10components7storage7ChannelIhhE12append_eventEth
FNDA:10,_ZNK10components7storage7ChannelIhhE8Endpoint10next_valueEv
FNDA:10,_ZNK10components7storage7ChannelIhhE10next_eventESt10shared_ptrIKNS2_5EventEE
FNDA:3,_ZN10components7storage7ChannelIhhE8Endpoint7unwriteEv
FNDA:3,_ZN10components7storage7ChannelIhhE12revert_eventEtm
FNDA:3,_ZN10components7storage7ChannelIhhE16mutable_event_atEm
FNDA:1,_ZN10components7storage7ChannelIhhE8Endpoint6unreadEv
FNDA:1,_ZNK10components7storage7ChannelIhhE14previous_eventESt10shared_ptrIKNS2_5EventEE
FNF:15
FNH:14
DA:9,26
DA:16,21
DA:21,2
DA:22,2
DA:23,2
DA:28,20
DA:31,20
DA:32,20
DA:33,20
DA:34,20
DA:35,20
DA:40,15
DA:41,15
DA:42,15
DA:47,3
DA:50,3
DA:51,3
DA:52,3
DA:53,3
DA:54,3
DA:59,5
DA:63,5
DA:64,5
DA:65,5
DA:66,5
DA:67,5
DA:73,11
DA:75,11
DA:76,11
DA:81,21
DA:82,21
DA:83,21
DA:88,15
DA:90,15
DA:91,15
DA:92,15
DA:93,15
DA:98,5
DA:99,5
DA:102,5
DA:105,5
DA:107,5
DA:108,12
DA:110,7
DA:112,7
DA:114,7
DA:115,7
DA:116,7
DA:118,5
DA:120,5
DA:121,5
DA:122,5
DA:138,20
DA:140,20
DA:143,21
DA:144,21
DA:145,21
DA:146,20
DA:147,20
DA:160,3
DA:162,3
DA:165,3
DA:166,3
DA:167,3
DA:168,3
DA:169,3
DA:192,0
DA:195,0
DA:196,0
DA:198,0
DA:199,0
DA:200,0
DA:205,5
DA:207,5
DA:208,5
DA:209,11
DA:210,5
DA:211,5
BRDA:32,0,0,0
BRDA:32,0,1,10
BRDA:32,1,2,0
BRDA:32,1,3,10
BRDA:51,0,0,0
BRDA:51,0,1,2
BRDA:51,1,2,0
BRDA:51,1,3,1
BRDA:64,0,0,0
BRDA:64,0,1,3
BRDA:64,1,2,0
BRDA:64,1,3,2
BRDA:102,0,0,3
BRDA:102,0,1,0
BRDA:102,1,2,2
BRDA:102,1,3,0
BRDA:102,2,4,0
BRDA:102,2,5,3
BRDA:102,3,6,0
BRDA:102,3,7,2
BRDA:105,0,0,2
BRDA:105,0,1,0
BRDA:105,1,2,3
BRDA:105,1,3,0
BRDA:108,0,0,2
BRDA:108,0,1,2
BRDA:108,1,2,5
BRDA:108,1,3,3
BRDA:140,0,0,0
BRDA:140,0,1,10
BRDA:140,1,2,0
BRDA:140,1,3,10
BRDA:145,0,0,1
BRDA:145,0,1,10
BRDA:145,1,2,0
BRDA:145,1,3,10
BRDA:145,2,4,1
BRDA:145,2,5,0
BRDA:145,3,6,-
BRDA:145,3,7,-
BRDA:162,0,0,0
BRDA:162,0,1,1
BRDA:162,1,2,0
BRDA:162,1,3,2
BRDA:167,0,0,0
BRDA:167,0,1,2
BRDA:167,1,2,0
BRDA:167,1,3,1
BRDA:167,2,4,-
BRDA:167,2,5,-
BRDA:167,3,6,-
BRDA:167,3,7,-
BRDA:207,0,0,0
BRDA:207,0,1,2
BRDA:207,1,2,0
BRDA:207,1,3,3
BRDA:209,0,0,3
BRDA:209,0,1,2
BRDA:209,1,2,3
BRDA:209,1,3,3
BRF:30
BFH:17
LF:78
LH:72
end_of_record
SF:/workspaces/pep10term/dependencies/pepcore/src/libisa/components/storage/range.hpp
FN:22,_ZN10components7storage5RangeIhLb1EhED2Ev
FNDA:6,_ZN10components7storage5RangeIhLb1EhED2Ev
FNF:1
FNH:1
DA:22,6
BRF:0
BFH:0
LF:1
LH:1
end_of_record
SF:/workspaces/pep10term/dependencies/pepcore/src/libisa/components/storage/range.tpp
FN:11,_ZN10components7storage5RangeIhLb1EhEC2Ehh
FN:27,_ZN10components7storage5RangeIhLb1EhE5clearEh
FN:35,_ZNK10components7storage5RangeIhLb1EhE3getEh
FN:55,_ZN10components7storage5RangeIhLb1EhE3setEhh
FN:87,_ZZN10components7storage5RangeIhLb1EhE3setEhhENKUlNS0_12storage_spanIhhEES4_E_clES4_S4_
FN:113,_ZNK10components7storage5RangeIhLb1EhE4readEh
FN:121,_ZN10components7storage5RangeIhLb1EhE5writeEhh
FN:133,_ZNK10components7storage5RangeIhLb1EhE14deltas_enabledEv
FN:140,_ZN10components7storage5RangeIhLb1EhE11clear_deltaEv
FN:153,_ZN10components7storage5RangeIhLb1EhE10take_deltaEv
FN:169,_ZN10components7storage5RangeIhLb1EhE6resizeEh
FNDA:6,_ZN10components7storage5RangeIhLb1EhEC2Ehh
FNDA:12,_ZN10components7storage5RangeIhLb1EhE5clearEh
FNDA:0,_ZNK10components7storage5RangeIhLb1EhE3getEh
FNDA:0,_ZN10components7storage5RangeIhLb1EhE3setEhh
FNDA:0,_ZZN10components7storage5RangeIhLb1EhE3setEhhENKUlNS0_12storage_spanIhhEES4_E_clES4_S4_
FNDA:0,_ZNK10components7storage5RangeIhLb1EhE4readEh
FNDA:0,_ZN10components7storage5RangeIhLb1EhE5writeEhh
FNDA:0,_ZNK10components7storage5RangeIhLb1EhE14deltas_enabledEv
FNDA:0,_ZN10components7storage5RangeIhLb1EhE11clear_deltaEv
FNDA:0,_ZN10components7storage5RangeIhLb1EhE10take_deltaEv
FNDA:12,_ZN10components7storage5RangeIhLb1EhE6resizeEh
FNF:11
FNH:3
DA:11,6
DA:13,6
DA:27,12
DA:28,12
DA:29,12
DA:30,12
DA:35,0
DA:36,0
DA:37,0
DA:38,0
DA:40,0
DA:41,0
DA:42,0
DA:43,0
DA:44,0
DA:45,0
DA:46,0
DA:47,0
DA:48,0
DA:49,0
DA:50,0
DA:55,0
DA:56,0
DA:58,0
DA:60,0
DA:61,0
DA:62,0
DA:63,0
DA:64,0
DA:65,0
DA:67,0
DA:68,0
DA:69,0
DA:70,0
DA:71,0
DA:72,0
DA:73,0
DA:75,0
DA:76,0
DA:77,0
DA:78,0
DA:83,0
DA:85,0
DA:87,0
DA:88,0
DA:91,0
DA:95,0
DA:96,0
DA:98,0
DA:100,0
DA:101,0
DA:103,0
DA:104,0
DA:105,0
DA:106,0
DA:107,0
DA:108,0
DA:113,0
DA:115,0
DA:116,0
DA:121,0
DA:122,0
DA:124,0
DA:125,0
DA:126,0
DA:127,0
DA:128,0
DA:133,0
DA:134,0
DA:135,0
DA:140,0
DA:141,0
DA:142,0
DA:143,0
DA:144,0
DA:145,0
DA:146,0
DA:147,0
DA:148,0
DA:153,0
DA:154,0
DA:156,0
DA:157,0
DA:158,0
DA:159,0
DA:160,0
DA:161,0
DA:162,0
DA:163,0
DA:164,0
DA:169,12
DA:170,12
DA:171,12
DA:172,12
DA:173,12
BRDA:40,0,0,-
BRDA:40,0,1,-
BRDA:42,0,0,-
BRDA:42,0,1,-
BRDA:44,0,0,-
BRDA:44,0,1,-
BRDA:56,0,0,-
BRDA:56,0,1,-
BRDA:60,0,0,-
BRDA:60,0,1,-
BRDA:62,0,0,-
BRDA:62,0,1,-
BRDA:67,0,0,-
BRDA:67,0,1,-
BRDA:75,0,0,-
BRDA:75,0,1,-
BRDA:83,0,0,-
BRDA:83,0,1,-
BRDA:91,0,0,-
BRDA:91,0,1,-
BRDA:98,0,0,-
BRDA:98,0,1,-
BRDA:124,0,0,-
BRDA:124,0,1,-
BRF:24
BFH:0
LF:96
LH:11
end_of_record
SF:/workspaces/pep10term/dependencies/pepcore/src/libisa/components/storage/storage_error.cpp
FN:2,_Z11status_code11StorageErrc
FNDA:0,_Z11status_code11StorageErrc
FNF:1
FNH:0
DA:2,0
BRF:0
BFH:0
LF:1
LH:0
end_of_record
SF:/workspaces/pep10term/dependencies/pepcore/src/libisa/components/storage/storage_error.hpp
FN:40,_ZN13system_error227quick_status_code_from_enumI11StorageErrcE14value_mappingsEv
FNDA:2,_ZN13system_error227quick_status_code_from_enumI11StorageErrcE14value_mappingsEv
FNF:1
FNH:1
DA:40,2
DA:41,2
DA:43,2
DA:44,2
DA:45,2
DA:46,2
DA:47,2
DA:48,2
DA:49,2
DA:50,2
DA:51,2
DA:52,2
DA:53,2
BRF:0
BFH:0
LF:13
LH:13
end_of_record
SF:/workspaces/pep10term/dependencies/pepcore/src/libisa/isa/pep10/local_machine.hpp
FN:20,_ZN3isa5pep1012LocalMachineILb1EED2Ev
FNDA:184,_ZN3isa5pep1012LocalMachineILb1EED2Ev
FNF:1
FNH:1
DA:20,184
BRF:0
BFH:0
LF:1
LH:1
end_of_record
SF:/workspaces/pep10term/dependencies/pepcore/src/libisa/isa/pep10/local_machine.tpp
FN:15,_ZN3isa5pep1012LocalMachineILb1EEC2ESt10shared_ptrIN10components7storage4BaseItLb1EhEEE
FN:29,_ZNK3isa5pep1012LocalMachineILb1EE6haltedEv
FN:35,_ZNK3isa5pep1012LocalMachineILb1EE10get_memoryEt
FN:41,_ZN3isa5pep1012LocalMachineILb1EE10set_memoryEth
FN:47,_ZNK3isa5pep1012LocalMachineILb1EE11read_memoryEt
FN:53,_ZN3isa5pep1012LocalMachineILb1EE12write_memoryEth
FN:59,_ZNK3isa5pep1012LocalMachineILb1EE10max_offsetEv
FN:101,_ZN3isa5pep1012LocalMachineILb1EE25unwind_active_instructionEv
FN:107,_ZNK3isa5pep1012LocalMachineILb1EE19address_from_vectorENS0_12MemoryVectorE
FN:144,_ZN3isa5pep1012LocalMachineILb1EE17begin_transactionEv
FN:151,_ZN3isa5pep1012LocalMachineILb1EE15end_transactionEv
FN:158,_ZN3isa5pep1012LocalMachineILb1EE17begin_instructionEv
FN:164,_ZN3isa5pep1012LocalMachineILb1EE15end_instructionEv
FN:171,_ZN3isa5pep1010load_bytesILb1EEEN19outcome_v2_35644f5c12basic_resultIvN13system_error211status_codeINS4_6erasedIlLb1EEEEENS2_12experimental6policy17status_code_throwIvS8_vEEEESt10shared_ptrINS0_12LocalMachineIXT_EEEESt6vectorIhSaIhEEt
FN:71,_ZN3isa5pep1012LocalMachineILb1EE14write_registerENS0_8RegisterEt
FN:21,_ZN3isa5pep1012LocalMachineILb1EE4stepEv
FN:65,_ZNK3isa5pep1012LocalMachineILb1EE13read_registerENS0_8RegisterE
FN:77,_ZNK3isa5pep1012LocalMachineILb1EE8read_csrENS0_3CSRE
FN:83,_ZN3isa5pep1012LocalMachineILb1EE9write_csrENS0_3CSREb
FN:123,_ZN3isa5pep1012LocalMachineILb1EE9clear_allEhtb
FN:130,_ZN3isa5pep1012LocalMachineILb1EE12clear_memoryEh
FN:137,_ZN3isa5pep1012LocalMachineILb1EE15clear_processorEtb
FN:95,_ZN3isa5pep1012LocalMachineILb1EE16write_packed_csrEh
FN:89,_ZNK3isa5pep1012LocalMachineILb1EE15read_packed_csrEv
FNDA:184,_ZN3isa5pep1012LocalMachineILb1EEC2ESt10shared_ptrIN10components7storage4BaseItLb1EhEEE
FNDA:0,_ZNK3isa5pep1012LocalMachineILb1EE6haltedEv
FNDA:7864470,_ZNK3isa5pep1012LocalMachineILb1EE10get_memoryEt
FNDA:0,_ZN3isa5pep1012LocalMachineILb1EE10set_memoryEth
FNDA:119994984,_ZNK3isa5pep1012LocalMachineILb1EE11read_memoryEt
FNDA:127859440,_ZN3isa5pep1012LocalMachineILb1EE12write_memoryEth
FNDA:119994809,_ZNK3isa5pep1012LocalMachineILb1EE10max_offsetEv
FNDA:0,_ZN3isa5pep1012LocalMachineILb1EE25unwind_active_instructionEv
FNDA:121,_ZNK3isa5pep1012LocalMachineILb1EE19address_from_vectorENS0_12MemoryVectorE
FNDA:86572170,_ZN3isa5pep1012LocalMachineILb1EE17begin_transactionEv
FNDA:86572170,_ZN3isa5pep1012LocalMachineILb1EE15end_transactionEv
FNDA:43318798,_ZN3isa5pep1012LocalMachineILb1EE17begin_instructionEv
FNDA:43318798,_ZN3isa5pep1012LocalMachineILb1EE15end_instructionEv
FNDA:43318781,_ZN3isa5pep1010load_bytesILb1EEEN19outcome_v2_35644f5c12basic_resultIvN13system_error211status_codeINS4_6erasedIlLb1EEEEENS2_12experimental6policy17status_code_throwIvS8_vEEEESt10shared_ptrINS0_12LocalMachineIXT_EEEESt6vectorIhSaIhEEt
FNDA:32702177,_ZN3isa5pep1012LocalMachineILb1EE14write_registerENS0_8RegisterEt
FNDA:43318798,_ZN3isa5pep1012LocalMachineILb1EE4stepEv
FNDA:307163431,_ZNK3isa5pep1012LocalMachineILb1EE13read_registerENS0_8RegisterE
FNDA:72743854,_ZNK3isa5pep1012LocalMachineILb1EE8read_csrENS0_3CSRE
FNDA:17039102,_ZN3isa5pep1012LocalMachineILb1EE9write_csrENS0_3CSREb
FNDA:43318666,_ZN3isa5pep1012LocalMachineILb1EE9clear_allEhtb
FNDA:43318666,_ZN3isa5pep1012LocalMachineILb1EE12clear_memoryEh
FNDA:43318666,_ZN3isa5pep1012LocalMachineILb1EE15clear_processorEtb
FNDA:31260322,_ZN3isa5pep1012LocalMachineILb1EE16write_packed_csrEh
FNDA:27328224,_ZNK3isa5pep1012LocalMachineILb1EE15read_packed_csrEv
FNF:24
FNH:21
DA:15,184
DA:17,184
DA:21,43318798
DA:23,43318798
DA:24,43318798
DA:25,43318798
DA:29,0
DA:30,0
DA:31,0
DA:35,7864470
DA:36,7864470
DA:37,7864470
DA:41,0
DA:42,0
DA:43,0
DA:47,119994984
DA:48,119994984
DA:49,119994984
DA:53,127859440
DA:54,127859440
DA:55,127859440
DA:59,119994809
DA:60,119994809
DA:61,119994809
DA:65,307163431
DA:66,307163431
DA:67,307163431
DA:71,32702177
DA:72,32702177
DA:73,32702177
DA:77,72743854
DA:78,72743854
DA:79,72743854
DA:83,17039102
DA:84,17039102
DA:85,17039102
DA:89,27328224
DA:90,27328224
DA:91,27328224
DA:95,31260322
DA:96,31260322
DA:97,31260322
DA:101,0
DA:102,0
DA:103,0
DA:107,121
DA:108,121
DA:109,121
DA:110,121
DA:111,0
DA:112,61
DA:113,0
DA:114,0
DA:115,0
DA:116,60
DA:117,121
DA:118,0
DA:119,121
DA:123,43318666
DA:124,43318666
DA:125,43318666
DA:126,43318666
DA:130,43318666
DA:131,43318666
DA:132,43318666
DA:133,43318666
DA:137,43318666
DA:138,43318666
DA:139,43318666
DA:144,86572170
DA:147,86572170
DA:151,86572170
DA:154,86572170
DA:158,43318798
DA:160,43318798
DA:164,43318798
DA:166,43318798
DA:171,43318781
DA:172,43318781
DA:173,119994809
DA:174,119994809
DA:175,119994809
DA:176,119994809
DA:177,43318781
DA:178,43318781
BRDA:109,0,0,0
BRDA:109,0,1,121
BRDA:111,0,0,0
BRDA:111,0,1,121
BRDA:112,0,0,61
BRDA:112,0,1,60
BRDA:113,0,0,0
BRDA:113,0,1,121
BRDA:114,0,0,0
BRDA:114,0,1,121
BRDA:115,0,0,0
BRDA:115,0,1,121
BRDA:116,0,0,60
BRDA:116,0,1,61
BRDA:172,0,0,119994809
BRDA:172,0,1,43318781
BRDA:175,0,0,0
BRDA:175,0,1,119994809
BRF:18
BFH:12
LF:85
LH:71
end_of_record
SF:/workspaces/pep10term/dependencies/pepcore/src/libisa/isa/pep10/local_processor.cpp
FN:16,_ZN3isa5pep1014LocalProcessorC2ERN10components7machine25MachineProcessorInterfaceIthNS0_12MemoryVectorEEE
FN:21,_ZN3isa5pep1014LocalProcessor4stepEv
FN:73,_ZNK3isa5pep1014LocalProcessor13can_step_intoEv
FN:78,_ZNK3isa5pep1014LocalProcessor10call_depthEv
FN:84,_ZN3isa5pep1014LocalProcessor4initEv
FN:91,_ZN3isa5pep1014LocalProcessor5debugEb
FN:96,_ZN3isa5pep1014LocalProcessor5clearEtb
FN:105,_ZNK3isa5pep1014LocalProcessor13read_registerEh
FN:110,_ZN3isa5pep1014LocalProcessor14write_registerEht
FN:115,_ZNK3isa5pep1014LocalProcessor14register_countEv
FN:122,_ZNK3isa5pep1014LocalProcessor8read_csrEh
FN:127,_ZN3isa5pep1014LocalProcessor9write_csrEhb
FN:132,_ZNK3isa5pep1014LocalProcessor9csr_countEv
FN:140,_ZNK3isa5pep1014LocalProcessor11cycle_countEv
FN:145,_ZNK3isa5pep1014LocalProcessor17instruction_countEv
FN:151,_ZN3isa5pep1014LocalProcessor10take_deltaEv
FN:156,_ZN3isa5pep1014LocalProcessor14unary_dispatchEh
FN:379,_ZN3isa5pep1014LocalProcessor17nonunary_dispatchEht
FN:685,_ZNK3isa5pep1014LocalProcessor9read_byteEt
FN:695,_ZNK3isa5pep1014LocalProcessor9read_wordEt
FN:706,_ZN3isa5pep1014LocalProcessor10write_byteEth
FN:712,_ZN3isa5pep1014LocalProcessor10write_wordEtt
FN:724,_ZN3isa5pep1014LocalProcessor19decode_load_operandERKNS0_22instruction_definitionENS0_15addressing_modeEt
FN:824,_ZN3isa5pep1014LocalProcessor20decode_store_operandERKNS0_22instruction_definitionENS0_15addressing_modeEt
FN:854,_ZN3isa5pep1013read_registerERKNS0_14LocalProcessorENS0_8RegisterE
FN:859,_ZN3isa5pep1014write_registerERNS0_14LocalProcessorENS0_8RegisterEt
FN:864,_ZN3isa5pep109read_NZVCERKNS0_14LocalProcessorENS0_3CSRE
FN:869,_ZN3isa5pep1010write_NZVCERNS0_14LocalProcessorENS0_3CSREb
FN:874,_ZN3isa5pep1016read_packed_NZVCERKNS0_14LocalProcessorE
FN:884,_ZN3isa5pep1017write_packed_NZVCERNS0_14LocalProcessorEh
FNDA:184,_ZN3isa5pep1014LocalProcessorC2ERN10components7machine25MachineProcessorInterfaceIthNS0_12MemoryVectorEEE
FNDA:43318798,_ZN3isa5pep1014LocalProcessor4stepEv
FNDA:0,_ZNK3isa5pep1014LocalProcessor13can_step_intoEv
FNDA:0,_ZNK3isa5pep1014LocalProcessor10call_depthEv
FNDA:0,_ZN3isa5pep1014LocalProcessor4initEv
FNDA:0,_ZN3isa5pep1014LocalProcessor5debugEb
FNDA:43318666,_ZN3isa5pep1014LocalProcessor5clearEtb
FNDA:485353808,_ZNK3isa5pep1014LocalProcessor13read_registerEh
FNDA:230815027,_ZN3isa5pep1014LocalProcessor14write_registerEht
FNDA:0,_ZNK3isa5pep1014LocalProcessor14register_countEv
FNDA:196474634,_ZNK3isa5pep1014LocalProcessor8read_csrEh
FNDA:177862606,_ZN3isa5pep1014LocalProcessor9write_csrEhb
[...]
FNDA:16,_ZZN4masm15message_handlerItE18errors_for_sectionB5cxx11ERSt10shared_ptrINS_3elf12code_sectionItEEEbENKUlT_E_clISt5tupleIJS6_jNS_7messageEEEEEDaS8_
FNDA:6,_ZZN4masm15message_handlerItE18errors_for_sectionB5cxx11ERSt10shared_ptrINS_3elf12code_sectionItEEEbENKUlRT_E_clISt5tupleIJS6_jNS_7messageEEEEEDaS9_
FNF:4
FNH:4
DA:7,58
DA:8,58
DA:9,58
DA:14,26
DA:15,26
DA:17,26
DA:18,10
DA:19,10
DA:20,10
DA:21,10
DA:22,10
DA:23,10
DA:24,10
DA:25,10
DA:26,10
DA:27,16
DA:28,16
DA:29,16
DA:30,16
DA:31,16
DA:32,16
DA:33,26
BRDA:17,0,0,13
BRDA:17,0,1,13
BRDA:17,1,2,10
BRDA:17,1,3,3
BRDA:19,0,0,10
BRDA:19,0,1,10
BRDA:22,0,0,7
BRDA:22,0,1,10
BRF:8
BFH:8
LF:24
LH:24
end_of_record
SF:/workspaces/pep10term/dependencies/pepcore/src/libisa/masm/project/section.hpp
FN:73,_ZN4masm3elf12code_sectionItED2Ev
FN:89,_ZN4masm3elf17top_level_sectionItED2Ev
FN:107,_ZN4masm3elf16macro_subsectionItED2Ev
FNDA:440,_ZN4masm3elf12code_sectionItED2Ev
FNDA:192,_ZN4masm3elf17top_level_sectionItED2Ev
FNDA:248,_ZN4masm3elf16macro_subsectionItED2Ev
FNF:3
FNH:3
DA:73,440
DA:89,192
DA:107,248
BRF:0
BFH:0
LF:3
LH:3
end_of_record
SF:/workspaces/pep10term/dependencies/pepcore/src/libisa/masm/project/section.tpp
FN:35,_ZN4masm3elf17top_level_sectionItE12insert_macroESt10shared_ptrINS0_12code_sectionItEEEjNSt7__cxx1112basic_stringIcSt11char_traitsIcESaIcEEESt6vectorISC_SaISC_EESC_
FN:7,_ZN4masm3elf17top_level_sectionItE23add_or_get_invoke_classERKSt10shared_ptrINS0_12code_sectionItEEE
FN:89,_ZN4masm3elf8to_bytesItEESt6vectorIhSaIhEESt10shared_ptrIKNS0_12code_sectionIT_EEE
FNDA:248,_ZN4masm3elf17top_level_sectionItE12insert_macroESt10shared_ptrINS0_12code_sectionItEEEjNSt7__cxx1112basic_stringIcSt11char_traitsIcESaIcEEESt6vectorISC_SaISC_EESC_
FNDA:496,_ZN4masm3elf17top_level_sectionItE23add_or_get_invoke_classERKSt10shared_ptrINS0_12code_sectionItEEE
FNDA:81,_ZN4masm3elf8to_bytesItEESt6vectorIhSaIhEESt10shared_ptrIKNS0_12code_sectionIT_EEE
FNF:3
FNH:3
DA:7,496
DA:8,496
DA:10,431
DA:11,431
DA:12,431
DA:13,165
DA:14,83
DA:15,431
DA:16,178
DA:17,178
DA:18,178
DA:19,178
DA:20,261
DA:22,235
DA:23,235
DA:24,235
DA:25,235
DA:26,0
DA:28,496
DA:35,248
DA:38,248
DA:40,248
DA:41,248
DA:42,248
DA:44,248
DA:45,13
DA:46,13
DA:48,235
DA:49,235
DA:50,235
DA:51,248
DA:52,248
DA:53,248
DA:55,248
DA:56,248
DA:57,248
DA:58,248
DA:62,248
DA:65,248
DA:66,161
DA:67,161
DA:69,903
DA:71,248
DA:74,248
DA:77,248
DA:79,248
DA:82,248
DA:83,248
DA:85,248
DA:86,248
DA:89,81
DA:90,81
DA:91,26177
DA:92,26177
DA:93,26177
DA:94,81
DA:95,81
BRDA:8,0,0,261
BRDA:8,0,1,235
BRDA:10,0,0,431
BRDA:10,0,1,178
BRDA:12,0,0,266
BRDA:12,0,1,165
BRDA:13,0,0,82
BRDA:13,0,1,83
BRDA:22,0,0,235
BRDA:22,0,1,0
BRDA:23,0,0,78
BRDA:23,0,1,157
BRDA:44,0,0,13
BRDA:44,0,1,235
BRDA:48,0,0,235
BRDA:48,0,1,0
BRDA:65,0,0,161
BRDA:65,0,1,87
BRDA:69,0,0,903
BRDA:69,0,1,248
BRDA:82,0,0,88
BRDA:82,0,1,160
BRDA:91,0,0,26177
BRDA:91,0,1,81
BRF:24
BFH:22
LF:57
LH:56
end_of_record
SF:/workspaces/pep10term/dependencies/pepcore/src/libisa/masm/registry.cpp
FN:11,_ZNK4masm14macro_registry13filter_macrosENS_9MacroTypeE
FN:22,_ZN4masm14macro_registryC2Ev
FN:27,_ZNK4masm14macro_registry8containsERKNSt7__cxx1112basic_stringIcSt11char_traitsIcESaIcEEE
FN:33,_ZNK4masm14macro_registry5macroERKNSt7__cxx1112basic_stringIcSt11char_traitsIcESaIcEEE
FN:39,_ZNK4masm14macro_registry11core_macrosEv
FN:44,_ZNK4masm14macro_registry13system_macrosEv
FN:49,_ZNK4masm14macro_registry13custom_macrosEv
FN:54,_ZN4masm14macro_registry26register_unary_system_callERKNSt7__cxx1112basic_stringIcSt11char_traitsIcESaIcEEES8_
FN:59,_ZN4masm14macro_registry29register_nonunary_system_callERKNSt7__cxx1112basic_stringIcSt11char_traitsIcESaIcEEES8_
FN:65,_ZN4masm14macro_registry14register_macroERKNSt7__cxx1112basic_stringIcSt11char_traitsIcESaIcEEES8_NS_9MacroTypeE
FN:92,_ZN4masm14macro_registry12clear_macrosENS_9MacroTypeE
FN:94,registry.cpp:_ZZN4masm14macro_registry12clear_macrosENS_9MacroTypeEENK3$_0clISt4pairIKNSt7__cxx1112basic_stringIcSt11char_traitsIcESaIcEEESt10shared_ptrINS_5MacroEEEEEDaRKT_
FNDA:0,_ZNK4masm14macro_registry13filter_macrosENS_9MacroTypeE
FNDA:161,_ZN4masm14macro_registryC2Ev
FNDA:268,_ZNK4masm14macro_registry8containsERKNSt7__cxx1112basic_stringIcSt11char_traitsIcESaIcEEE
FNDA:483,_ZNK4masm14macro_registry5macroERKNSt7__cxx1112basic_stringIcSt11char_traitsIcESaIcEEE
FNDA:0,_ZNK4masm14macro_registry11core_macrosEv
FNDA:0,_ZNK4masm14macro_registry13system_macrosEv
FNDA:0,_ZNK4masm14macro_registry13custom_macrosEv
FNDA:42,_ZN4masm14macro_registry26register_unary_system_callERKNSt7__cxx1112basic_stringIcSt11char_traitsIcESaIcEEES8_
FNDA:198,_ZN4masm14macro_registry29register_nonunary_system_callERKNSt7__cxx1112basic_stringIcSt11char_traitsIcESaIcEEES8_
FNDA:1911,_ZN4masm14macro_registry14register_macroERKNSt7__cxx1112basic_stringIcSt11char_traitsIcESaIcEEES8_NS_9MacroTypeE
FNDA:6,_ZN4masm14macro_registry12clear_macrosENS_9MacroTypeE
FNDA:1,registry.cpp:_ZZN4masm14macro_registry12clear_macrosENS_9MacroTypeEENK3$_0clISt4pairIKNSt7__cxx1112basic_stringIcSt11char_traitsIcESaIcEEESt10shared_ptrINS_5MacroEEEEEDaRKT_
FNF:12
FNH:8
DA:11,0
DA:13,0
DA:14,0
DA:15,0
DA:16,0
DA:17,0
DA:18,0
DA:19,0
DA:22,161
DA:24,161
DA:27,268
DA:28,268
DA:29,268
DA:30,268
DA:33,483
DA:34,483
DA:35,0
DA:36,483
DA:39,0
DA:40,0
DA:41,0
DA:44,0
DA:45,0
DA:46,0
DA:49,0
DA:50,0
DA:51,0
DA:54,42
DA:55,42
DA:56,42
DA:57,42
DA:59,198
DA:60,198
DA:61,198
DA:62,198
DA:65,1911
DA:66,1911
DA:67,1
DA:68,1
DA:69,1910
DA:70,1910
DA:71,4
DA:72,4
DA:73,1906
DA:74,1
DA:75,1
DA:77,1905
DA:78,1905
DA:79,1905
DA:80,1905
DA:81,1905
DA:85,1905
DA:87,1905
DA:88,1905
DA:89,1906
DA:92,6
DA:94,6
DA:95,1
DA:96,1
DA:97,1
DA:98,6
BRDA:14,0,0,-
BRDA:14,0,1,-
BRDA:34,0,0,483
BRDA:34,0,1,0
BRDA:66,0,0,1
BRDA:66,0,1,1910
BRDA:70,0,0,4
BRDA:70,0,1,1906
BRDA:73,0,0,1
BRDA:73,0,1,1905
BRF:10
BFH:7
LF:65
LH:47
end_of_record
SF:/workspaces/pep10term/dependencies/pepcore/src/libisa/masm/registry.hpp
FN:25,_ZN4masm14macro_registryD2Ev
FN:43,_ZNK4masm14macro_registry16case_insensitiveclERKNSt7__cxx1112basic_stringIcSt11char_traitsIcESaIcEEES9_
FNDA:161,_ZN4masm14macro_registryD2Ev
FNDA:32150,_ZNK4masm14macro_registry16case_insensitiveclERKNSt7__cxx1112basic_stringIcSt11char_traitsIcESaIcEEES9_
FNF:2
FNH:2
DA:25,161
DA:43,32150
DA:44,32150
DA:45,32150
BRF:0
BFH:0
LF:4
LH:4
end_of_record
SF:/workspaces/pep10term/dependencies/pepcore/src/libisa/masm/utils/listing.cpp
FN:5,_ZN4masm5utils15format_bytecodeB5cxx11ERKSt6vectorIhSaIhEEh
FNDA:1,_ZN4masm5utils15format_bytecodeB5cxx11ERKSt6vectorIhSaIhEEh
FNF:1
FNH:1
DA:5,1
DA:6,1
DA:7,4
DA:8,3
DA:9,3
DA:10,3
DA:11,1
DA:12,1
DA:13,1
BRDA:7,0,0,3
BRDA:7,0,1,1
BRDA:9,0,0,0
BRDA:9,0,1,3
BRF:4
BFH:3
LF:9
LH:9
end_of_record
SF:/workspaces/pep10term/dependencies/pepcore/src/libisa/masm/utils/listing.tpp
FN:26,_ZN4masm5utils27generate_formatted_bytecodeItEENSt7__cxx1112basic_stringIcSt11char_traitsIcESaIcEEERSt10shared_ptrINS_3elf17top_level_sectionIT_EEEh
FN:17,_ZN4masm5utils12get_bytecodeItEESt6vectorIhSaIhEERSt10shared_ptrINS_3elf17top_level_sectionIT_EEE
FNDA:1,_ZN4masm5utils27generate_formatted_bytecodeItEENSt7__cxx1112basic_stringIcSt11char_traitsIcESaIcEEERSt10shared_ptrINS_3elf17top_level_sectionIT_EEEh
FNDA:1,_ZN4masm5utils12get_bytecodeItEESt6vectorIhSaIhEERSt10shared_ptrINS_3elf17top_level_sectionIT_EEE
FNF:2
FNH:2
DA:17,1
DA:18,1
DA:19,4
DA:20,1
DA:21,1
DA:26,1
DA:27,1
DA:29,0
DA:30,1
DA:32,1
BRDA:19,0,0,4
BRDA:19,0,1,1
BRF:2
BFH:2
LF:10
LH:9
end_of_record
SF:/workspaces/pep10term/dependencies/pepcore/src/libisa/symbol/entry.hpp
FN:71,_ZN6symbol5entryItED2Ev
FNDA:5530,_ZN6symbol5entryItED2Ev
FNF:1
FNH:1
DA:71,5530
BRF:0
BFH:0
LF:1
LH:1
end_of_record
SF:/workspaces/pep10term/dependencies/pepcore/src/libisa/symbol/entry.tpp
FN:31,_ZN6symbol5entryItEC2ERNS_9LeafTableItEENSt7__cxx1112basic_stringIcSt11char_traitsIcESaIcEEE
FNDA:5530,_ZN6symbol5entryItEC2ERNS_9LeafTableItEENSt7__cxx1112basic_stringIcSt11char_traitsIcESaIcEEE
FNF:1
FNH:1
DA:31,5530
DA:33,5530
BRF:0
BFH:0
LF:2
LH:2
end_of_record
SF:/workspaces/pep10term/dependencies/pepcore/src/libisa/symbol/table.hpp
FN:78,_ZN6symbol11BranchTableItEC2Ev
FN:80,_ZN6symbol11BranchTableItED2Ev
FN:113,_ZN6symbol9LeafTableItED2Ev
FN:111,_ZN6symbol9LeafTableItEC2Ev
FN:96,_ZN6symbol11BranchTableItE8childrenB5cxx11Ev
FNDA:314,_ZN6symbol11BranchTableItEC2Ev
FNDA:314,_ZN6symbol11BranchTableItED2Ev
FNDA:220,_ZN6symbol9LeafTableItED2Ev
FNDA:16,_ZN6symbol9LeafTableItEC2Ev
FNDA:23294,_ZN6symbol11BranchTableItE8childrenB5cxx11Ev
FNF:5
FNH:5
DA:78,314
DA:80,314
DA:96,23294
DA:111,16
DA:113,220
BRF:0
BFH:0
LF:5
LH:5
end_of_record
SF:/workspaces/pep10term/dependencies/pepcore/src/libisa/symbol/table.tpp
FN:175,_ZN6symbol11insert_leafItEESt10shared_ptrINS_9LeafTableIT_EEES1_INS_11BranchTableIS3_EEE
FN:39,_ZN6symbol9LeafTableItEC2ESt10shared_ptrINS_11BranchTableItEEE
FN:33,_ZN6symbol11BranchTableItE9add_childESt7variantIJSt10shared_ptrIS1_ES3_INS_9LeafTableItEEEEE
FN:91,_ZN6symbol9LeafTableItE6defineERKNSt7__cxx1112basic_stringIcSt11char_traitsIcESaIcEEE
FN:52,_ZN6symbol9LeafTableItE9referenceERKNSt7__cxx1112basic_stringIcSt11char_traitsIcESaIcEEE
FN:192,_ZN6symbol6parentItEESt7variantIJSt10shared_ptrINS_11BranchTableIT_EEES2_INS_9LeafTableIS4_EEEEESA_
FN:45,_ZNK6symbol9LeafTableItE3getERKNSt7__cxx1112basic_stringIcSt11char_traitsIcESaIcEEE
FN:168,_ZN6symbol9LeafTableItE7entriesEv
FN:128,_ZN6symbol9LeafTableItE11mark_globalERKNSt7__cxx1112basic_stringIcSt11char_traitsIcESaIcEEE
FN:156,_ZNK6symbol9LeafTableItE6existsERKNSt7__cxx1112basic_stringIcSt11char_traitsIcESaIcEEE
FNDA:204,_ZN6symbol11insert_leafItEESt10shared_ptrINS_9LeafTableIT_EEES1_INS_11BranchTableIS3_EEE
FNDA:204,_ZN6symbol9LeafTableItEC2ESt10shared_ptrINS_11BranchTableItEEE
FNDA:204,_ZN6symbol11BranchTableItE9add_childESt7variantIJSt10shared_ptrIS1_ES3_INS_9LeafTableItEEEEE
FNDA:5432,_ZN6symbol9LeafTableItE6defineERKNSt7__cxx1112basic_stringIcSt11char_traitsIcESaIcEEE
FNDA:17472,_ZN6symbol9LeafTableItE9referenceERKNSt7__cxx1112basic_stringIcSt11char_traitsIcESaIcEEE
FNDA:1,_ZN6symbol6parentItEESt7variantIJSt10shared_ptrINS_11BranchTableIT_EEES2_INS_9LeafTableIS4_EEEEESA_
FNDA:45410,_ZNK6symbol9LeafTableItE3getERKNSt7__cxx1112basic_stringIcSt11char_traitsIcESaIcEEE
FNDA:83,_ZN6symbol9LeafTableItE7entriesEv
FNDA:437,_ZN6symbol9LeafTableItE11mark_globalERKNSt7__cxx1112basic_stringIcSt11char_traitsIcESaIcEEE
FNDA:14,_ZNK6symbol9LeafTableItE6existsERKNSt7__cxx1112basic_stringIcSt11char_traitsIcESaIcEEE
FNF:10
FNH:10
DA:33,204
DA:34,204
DA:35,204
DA:39,204
DA:42,204
DA:45,45410
DA:46,45410
DA:47,21845
DA:48,45410
DA:52,17472
DA:54,17472
DA:55,17472
DA:56,5530
DA:57,5530
DA:58,11942
DA:59,11942
DA:60,11942
DA:63,17472
DA:64,17472
DA:65,17472
DA:66,17677
DA:67,17677
DA:68,205
DA:69,205
DA:72,17472
DA:74,17472
DA:75,326
DA:76,326
DA:77,163
DA:80,163
DA:81,163
DA:82,163
DA:83,326
DA:85,163
DA:86,17472
DA:87,17472
DA:91,5432
DA:92,5432
DA:95,5432
DA:96,5432
DA:98,5432
DA:99,5432
DA:100,1
DA:101,1
DA:102,1
DA:103,352
DA:104,352
DA:105,0
DA:107,353
DA:108,353
DA:109,1
DA:110,1
DA:113,1
DA:114,1
DA:115,1
DA:116,353
DA:117,352
DA:118,5079
DA:119,5079
DA:120,7
DA:121,5079
DA:122,5432
DA:124,5432
DA:128,437
DA:129,437
DA:130,437
DA:133,437
DA:135,437
DA:137,440
DA:138,440
DA:139,3
DA:140,1
DA:141,1
DA:142,1
DA:143,2
DA:144,2
DA:147,2
DA:149,2
DA:150,2
DA:151,3
DA:152,437
DA:156,14
DA:157,14
DA:158,14
DA:168,83
DA:169,83
DA:170,83
DA:175,204
DA:176,204
DA:177,204
DA:178,204
DA:179,204
DA:192,1
DA:193,1
DA:194,0
DA:195,0
DA:196,0
DA:197,0
DA:198,1
DA:199,1
DA:200,1
DA:201,0
DA:202,1
DA:203,0
DA:204,1
BRDA:46,0,0,23565
BRDA:46,0,1,21845
BRDA:55,0,0,5530
BRDA:55,0,1,11942
BRDA:66,0,0,17677
BRDA:66,0,1,17472
BRDA:67,0,0,17472
BRDA:67,0,1,205
BRDA:68,0,0,163
BRDA:68,0,1,42
BRDA:72,0,0,0
BRDA:72,0,1,17472
BRDA:74,0,0,163
BRDA:74,0,1,17309
BRDA:75,0,0,326
BRDA:75,0,1,163
BRDA:76,0,0,163
BRDA:76,0,1,163
BRDA:98,0,0,0
BRDA:98,0,1,5432
BRDA:100,0,0,1
BRDA:100,0,1,5431
BRDA:103,0,0,352
BRDA:103,0,1,5080
BRDA:104,0,0,352
BRDA:104,0,1,0
BRDA:105,0,0,-
BRDA:105,0,1,-
BRDA:107,0,0,353
BRDA:107,0,1,352
BRDA:108,0,0,352
BRDA:108,0,1,1
BRDA:109,0,0,1
BRDA:109,0,1,0
BRDA:118,0,0,5079
BRDA:118,0,1,353
BRDA:119,0,0,5072
BRDA:119,0,1,7
BRDA:120,0,0,6
BRDA:120,0,1,1
BRDA:137,0,0,440
BRDA:137,0,1,437
BRDA:138,0,0,437
BRDA:138,0,1,3
BRDA:139,0,0,1
BRDA:139,0,1,2
BRDA:143,0,0,2
BRDA:143,0,1,0
BRDA:193,0,0,0
BRDA:193,0,1,1
BRDA:195,0,0,-
BRDA:195,0,1,-
BRDA:198,0,0,1
BRDA:198,0,1,0
BRDA:200,0,0,1
BRDA:200,0,1,0
BRF:56
BFH:44
LF:105
LH:98
end_of_record
SF:/workspaces/pep10term/dependencies/pepcore/src/libisa/symbol/value.hpp
FN:48,_ZN6symbol14abstract_valueItEC2Ev
FN:49,_ZN6symbol14abstract_valueItED2Ev
FN:98,_ZN6symbol11value_emptyItED2Ev
FN:76,_ZNK6symbol14abstract_valueItE4sizeEv
FN:84,_ZNK6symbol14abstract_valueItE11relocatableEv
FN:209,_ZN6symbol13value_pointerItED2Ev
FN:133,_ZN6symbol11value_constItED2Ev
FN:161,_ZN6symbol14value_locationItED2Ev
FN:116,_ZN6symbol13value_deletedItEC2Ev
FN:117,_ZN6symbol13value_deletedItED2Ev
FNDA:12448,_ZN6symbol14abstract_valueItEC2Ev
FNDA:12444,_ZN6symbol14abstract_valueItED2Ev
FNDA:5530,_ZN6symbol11value_emptyItED2Ev
FNDA:0,_ZNK6symbol14abstract_valueItE4sizeEv
FNDA:0,_ZNK6symbol14abstract_valueItE11relocatableEv
FNDA:166,_ZN6symbol13value_pointerItED2Ev
FNDA:1356,_ZN6symbol11value_constItED2Ev
FNDA:5392,_ZN6symbol14value_locationItED2Ev
FNDA:1,_ZN6symbol13value_deletedItEC2Ev
FNDA:0,_ZN6symbol13value_deletedItED2Ev
FNF:10
FNH:7
DA:48,12448
DA:49,12444
DA:76,0
DA:84,0
DA:98,5530
DA:116,1
DA:117,0
DA:133,1356
DA:161,5392
DA:209,166
BRF:0
BFH:0
LF:10
LH:7
end_of_record
SF:/workspaces/pep10term/dependencies/pepcore/src/libisa/symbol/value.tpp
FN:28,_ZN6symbol11value_emptyItEC2Ev
FN:33,_ZNK6symbol11value_emptyItE5valueEv
FN:39,_ZNK6symbol11value_emptyItE4typeEv
FN:135,_ZN6symbol13value_pointerItEC2ESt10shared_ptrIKNS_5entryItEEE
FN:141,_ZNK6symbol13value_pointerItE5valueEv
FN:147,_ZNK6symbol13value_pointerItE4typeEv
FN:57,_ZN6symbol11value_constItEC2Et
FN:63,_ZNK6symbol11value_constItE5valueEv
FN:75,_ZNK6symbol11value_constItE4typeEv
FN:84,_ZN6symbol14value_locationItEC2Ett
FN:101,_ZNK6symbol14value_locationItE5valueEv
FN:108,_ZNK6symbol14value_locationItE4typeEv
FN:114,_ZNK6symbol14value_locationItE11relocatableEv
FN:89,_ZN6symbol14value_locationItE10set_offsetEt
FN:48,_ZNK6symbol13value_deletedItE4typeEv
FN:69,_ZN6symbol11value_constItE9set_valueEt
FNDA:5532,_ZN6symbol11value_emptyItEC2Ev
FNDA:6,_ZNK6symbol11value_emptyItE5valueEv
FNDA:0,_ZNK6symbol11value_emptyItE4typeEv
FNDA:166,_ZN6symbol13value_pointerItEC2ESt10shared_ptrIKNS_5entryItEEE
FNDA:244,_ZNK6symbol13value_pointerItE5valueEv
FNDA:0,_ZNK6symbol13value_pointerItE4typeEv
FNDA:1357,_ZN6symbol11value_constItEC2Et
FNDA:4,_ZNK6symbol11value_constItE5valueEv
FNDA:0,_ZNK6symbol11value_constItE4typeEv
FNDA:5393,_ZN6symbol14value_locationItEC2Ett
FNDA:17644,_ZNK6symbol14value_locationItE5valueEv
FNDA:6,_ZNK6symbol14value_locationItE4typeEv
FNDA:1,_ZNK6symbol14value_locationItE11relocatableEv
FNDA:6,_ZN6symbol14value_locationItE10set_offsetEt
FNDA:1,_ZNK6symbol13value_deletedItE4typeEv
FNDA:1,_ZN6symbol11value_constItE9set_valueEt
FNF:16
FNH:13
DA:28,5532
DA:29,5532
DA:33,6
DA:34,6
DA:35,6
DA:39,0
DA:40,0
DA:41,0
DA:48,1
DA:49,1
DA:50,1
DA:57,1357
DA:59,1357
DA:63,4
DA:64,4
DA:65,4
DA:69,1
DA:70,1
DA:71,1
DA:75,0
DA:76,0
DA:77,0
DA:84,5393
DA:85,5393
DA:89,6
DA:90,6
DA:91,6
DA:101,17644
DA:102,17644
DA:104,17644
DA:108,6
DA:109,6
DA:110,6
DA:114,1
DA:115,1
DA:116,1
DA:135,166
DA:137,166
DA:141,244
DA:142,244
DA:143,244
DA:147,0
DA:148,0
DA:149,0
BRF:0
BFH:0
LF:44
LH:35
end_of_record
SF:/workspaces/pep10term/dependencies/pepcore/src/libisa/symbol/visit.tpp
FN:133,_ZN6symbol14select_by_nameItEENSt7__cxx114listISt10shared_ptrINS_5entryIT_EEESaIS7_EEESt7variantIJS3_INS_11BranchTableIS5_EEES3_INS_9LeafTableIS5_EEEEERKNS1_12basic_stringIcSt11char_traitsIcESaIcEEENS_15TraversalPolicyE
FN:47,_ZN6symbol19SelectByNameVisitorItEC2ENSt7__cxx1112basic_stringIcSt11char_traitsIcESaIcEEE
FN:125,_ZN6symbol10root_tableItEESt7variantIJSt10shared_ptrINS_11BranchTableItEEES2_INS_9LeafTableItEEEEES1_IJS2_INS3_IT_EEES2_INS6_ISA_EEEEE
FN:30,_ZN6symbol11RootVisitorItEclESt10shared_ptrINS_11BranchTableItEEE
FN:37,_ZN6symbol11RootVisitorItEclESt10shared_ptrINS_9LeafTableItEEE
FN:51,_ZN6symbol19SelectByNameVisitorItEclB5cxx11ESt10shared_ptrINS_11BranchTableItEEE
FN:62,_ZN6symbol19SelectByNameVisitorItEclB5cxx11ESt10shared_ptrINS_9LeafTableItEEE
FN:142,_ZN6symbol6existsItEEbSt7variantIJSt10shared_ptrINS_11BranchTableIT_EEES2_INS_9LeafTableIS4_EEEEERKNSt7__cxx1112basic_stringIcSt11char_traitsIcESaIcEEENS_15TraversalPolicyE
FN:72,_ZN6symbol16ExistenceVisitorItEC2ENSt7__cxx1112basic_stringIcSt11char_traitsIcESaIcEEE
FN:76,_ZN6symbol16ExistenceVisitorItEclESt10shared_ptrINS_11BranchTableItEEE
FN:84,_ZN6symbol16ExistenceVisitorItEclESt10shared_ptrINS_9LeafTableItEEE
FN:151,_ZN6symbol13adjust_offsetItEEvSt7variantIJSt10shared_ptrINS_11BranchTableIT_EEES2_INS_9LeafTableIS4_EEEEES4_S4_NS_15TraversalPolicyE
FN:97,_ZN6symbol19AdjustOffsetVisitorItEC2Ett
FN:103,_ZN6symbol19AdjustOffsetVisitorItEclESt10shared_ptrINS_11BranchTableItEEE
FN:109,_ZN6symbol19AdjustOffsetVisitorItEclESt10shared_ptrINS_9LeafTableItEEE
FNDA:23341,_ZN6symbol14select_by_nameItEENSt7__cxx114listISt10shared_ptrINS_5entryIT_EEESaIS7_EEESt7variantIJS3_INS_11BranchTableIS5_EEES3_INS_9LeafTableIS5_EEEEERKNS1_12basic_stringIcSt11char_traitsIcESaIcEEENS_15TraversalPolicyE
FNDA:23341,_ZN6symbol19SelectByNameVisitorItEC2ENSt7__cxx1112basic_stringIcSt11char_traitsIcESaIcEEE
FNDA:23341,_ZN6symbol10root_tableItEESt7variantIJSt10shared_ptrINS_11BranchTableItEEES2_INS_9LeafTableItEEEEES1_IJS2_INS3_IT_EEES2_INS6_ISA_EEEEE
FNDA:23286,_ZN6symbol11RootVisitorItEclESt10shared_ptrINS_11BranchTableItEEE
FNDA:23341,_ZN6symbol11RootVisitorItEclESt10shared_ptrINS_9LeafTableItEEE
FNDA:23286,_ZN6symbol19SelectByNameVisitorItEclB5cxx11ESt10shared_ptrINS_11BranchTableItEEE
FNDA:45410,_ZN6symbol19SelectByNameVisitorItEclB5cxx11ESt10shared_ptrINS_9LeafTableItEEE
FNDA:12,_ZN6symbol6existsItEEbSt7variantIJSt10shared_ptrINS_11BranchTableIT_EEES2_INS_9LeafTableIS4_EEEEERKNSt7__cxx1112basic_stringIcSt11char_traitsIcESaIcEEENS_15TraversalPolicyE
FNDA:12,_ZN6symbol16ExistenceVisitorItEC2ENSt7__cxx1112basic_stringIcSt11char_traitsIcESaIcEEE
FNDA:8,_ZN6symbol16ExistenceVisitorItEclESt10shared_ptrINS_11BranchTableItEEE
FNDA:14,_ZN6symbol16ExistenceVisitorItEclESt10shared_ptrINS_9LeafTableItEEE
FNDA:2,_ZN6symbol13adjust_offsetItEEvSt7variantIJSt10shared_ptrINS_11BranchTableIT_EEES2_INS_9LeafTableIS4_EEEEES4_S4_NS_15TraversalPolicyE
FNDA:2,_ZN6symbol19AdjustOffsetVisitorItEC2Ett
FNDA:0,_ZN6symbol19AdjustOffsetVisitorItEclESt10shared_ptrINS_11BranchTableItEEE
FNDA:2,_ZN6symbol19AdjustOffsetVisitorItEclESt10shared_ptrINS_9LeafTableItEEE
FNF:15
FNH:14
DA:30,23286
DA:31,23286
DA:32,23286
DA:33,23286
DA:37,23341
DA:38,23341
DA:39,55
DA:40,23341
DA:47,23341
DA:51,23286
DA:52,23286
DA:53,45355
DA:54,45355
DA:55,45355
DA:56,45355
DA:57,23286
DA:58,23286
DA:62,45410
DA:63,45410
DA:64,21845
DA:65,45410
DA:72,12
DA:76,8
DA:77,8
DA:78,10
DA:79,8
DA:80,8
DA:84,14
DA:85,14
DA:86,14
DA:97,2
DA:99,2
DA:103,0
DA:104,0
DA:105,0
DA:109,2
DA:110,2
DA:111,2
DA:112,8
DA:113,6
DA:114,5
DA:115,5
DA:116,6
DA:117,6
DA:118,2
DA:125,23341
DA:126,23341
DA:127,23341
DA:128,23341
DA:133,23341
DA:134,23341
DA:135,23341
DA:136,23341
DA:137,23341
DA:138,23341
DA:142,12
DA:143,12
DA:144,12
DA:145,11
DA:146,12
DA:147,12
DA:151,2
DA:152,2
DA:153,2
DA:154,2
DA:155,2
DA:156,2
BRDA:31,0,0,0
BRDA:31,0,1,23286
BRDA:38,0,0,23286
BRDA:38,0,1,55
BRDA:53,0,0,45355
BRDA:53,0,1,23286
BRDA:63,0,0,23565
BRDA:63,0,1,21845
BRDA:78,0,0,10
BRDA:78,0,1,8
BRDA:104,0,0,-
BRDA:104,0,1,-
BRDA:112,0,0,6
BRDA:112,0,1,2
BRDA:113,0,0,6
BRDA:113,0,1,0
BRDA:113,1,2,5
BRDA:113,1,3,1
BRDA:135,0,0,0
BRDA:135,0,1,23341
BRDA:136,0,0,23341
BRDA:136,0,1,0
BRDA:144,0,0,1
BRDA:144,0,1,11
BRDA:145,0,0,0
BRDA:145,0,1,11
BRDA:153,0,0,0
BRDA:153,0,1,2
BRDA:154,0,0,0
BRDA:154,0,1,2
BRF:30
BFH:21
LF:67
LH:64
end_of_record
